# JRE version: OpenJDK Runtime Environment (11.0.13) (build 11.0.13+0-b1751.21-8125866)
# Java VM: OpenJDK 64-Bit Server VM (11.0.13+0-b1751.21-8125866, mixed mode, tiered, compressed oops, g1 gc, windows-amd64)
Heap:
 garbage-first heap   total 443392K, used 313570K [0x0000000080000000, 0x0000000100000000)
  region size 1024K, 67 young (68608K), 3 survivors (3072K)
 Metaspace       used 136659K, capacity 141299K, committed 141440K, reserved 1171456K
  class space    used 17194K, capacity 18951K, committed 19072K, reserved 1048576K
GC Heap History (20 events):
Event: 246.077 GC heap before
{Heap before GC invocations=126 (full 0):
 garbage-first heap   total 324608K, used 273420K [0x0000000080000000, 0x0000000100000000)
  region size 1024K, 90 young (92160K), 9 survivors (9216K)
 Metaspace       used 122129K, capacity 125300K, committed 125440K, reserved 1159168K
  class space    used 14948K, capacity 16073K, committed 16128K, reserved 1048576K
}
Event: 246.079 GC heap after
{Heap after GC invocations=127 (full 0):
 garbage-first heap   total 324608K, used 188055K [0x0000000080000000, 0x0000000100000000)
  region size 1024K, 7 young (7168K), 7 survivors (7168K)
 Metaspace       used 122129K, capacity 125300K, committed 125440K, reserved 1159168K
  class space    used 14948K, capacity 16073K, committed 16128K, reserved 1048576K
}
Event: 246.695 GC heap before
{Heap before GC invocations=127 (full 0):
 garbage-first heap   total 324608K, used 272023K [0x0000000080000000, 0x0000000100000000)
  region size 1024K, 91 young (93184K), 7 survivors (7168K)
 Metaspace       used 122327K, capacity 125639K, committed 125696K, reserved 1159168K
  class space    used 14970K, capacity 16117K, committed 16128K, reserved 1048576K
}
Event: 246.699 GC heap after
{Heap after GC invocations=128 (full 0):
 garbage-first heap   total 324608K, used 189499K [0x0000000080000000, 0x0000000100000000)
  region size 1024K, 8 young (8192K), 8 survivors (8192K)
 Metaspace       used 122327K, capacity 125639K, committed 125696K, reserved 1159168K
  class space    used 14970K, capacity 16117K, committed 16128K, reserved 1048576K
}
Event: 247.177 GC heap before
{Heap before GC invocations=128 (full 0):
 garbage-first heap   total 324608K, used 274491K [0x0000000080000000, 0x0000000100000000)
  region size 1024K, 92 young (94208K), 8 survivors (8192K)
 Metaspace       used 125629K, capacity 129168K, committed 129408K, reserved 1161216K
  class space    used 15466K, capacity 16696K, committed 16768K, reserved 1048576K
}
Event: 247.185 GC heap after
{Heap after GC invocations=129 (full 0):
 garbage-first heap   total 324608K, used 204243K [0x0000000080000000, 0x0000000100000000)
  region size 1024K, 12 young (12288K), 12 survivors (12288K)
 Metaspace       used 125629K, capacity 129168K, committed 129408K, reserved 1161216K
  class space    used 15466K, capacity 16696K, committed 16768K, reserved 1048576K
}
Event: 247.464 GC heap before
{Heap before GC invocations=129 (full 0):
 garbage-first heap   total 324608K, used 270803K [0x0000000080000000, 0x0000000100000000)
  region size 1024K, 77 young (78848K), 12 survivors (12288K)
 Metaspace       used 128684K, capacity 132373K, committed 132480K, reserved 1165312K
  class space    used 15886K, capacity 17187K, committed 17280K, reserved 1048576K
}
Event: 247.478 GC heap after
{Heap after GC invocations=130 (full 0):
 garbage-first heap   total 324608K, used 214162K [0x0000000080000000, 0x0000000100000000)
  region size 1024K, 10 young (10240K), 10 survivors (10240K)
 Metaspace       used 128684K, capacity 132373K, committed 132480K, reserved 1165312K
  class space    used 15886K, capacity 17187K, committed 17280K, reserved 1048576K
}
Event: 247.606 GC heap before
{Heap before GC invocations=130 (full 0):
 garbage-first heap   total 324608K, used 268434K [0x0000000080000000, 0x0000000100000000)
  region size 1024K, 64 young (65536K), 10 survivors (10240K)
 Metaspace       used 129759K, capacity 133774K, committed 134016K, reserved 1165312K
  class space    used 16173K, capacity 17671K, committed 17792K, reserved 1048576K
}
Event: 247.620 GC heap after
{Heap after GC invocations=131 (full 0):
 garbage-first heap   total 324608K, used 224248K [0x0000000080000000, 0x0000000100000000)
  region size 1024K, 8 young (8192K), 8 survivors (8192K)
 Metaspace       used 129759K, capacity 133774K, committed 134016K, reserved 1165312K
  class space    used 16173K, capacity 17671K, committed 17792K, reserved 1048576K
}
Event: 247.703 GC heap before
{Heap before GC invocations=131 (full 0):
 garbage-first heap   total 324608K, used 271352K [0x0000000080000000, 0x0000000100000000)
  region size 1024K, 55 young (56320K), 8 survivors (8192K)
 Metaspace       used 130741K, capacity 134869K, committed 134912K, reserved 1167360K
  class space    used 16349K, capacity 17887K, committed 17920K, reserved 1048576K
}
Event: 247.715 GC heap after
{Heap after GC invocations=132 (full 0):
 garbage-first heap   total 324608K, used 232709K [0x0000000080000000, 0x0000000100000000)
  region size 1024K, 7 young (7168K), 7 survivors (7168K)
 Metaspace       used 130741K, capacity 134869K, committed 134912K, reserved 1167360K
  class space    used 16349K, capacity 17887K, committed 17920K, reserved 1048576K
}
Event: 247.780 GC heap before
{Heap before GC invocations=132 (full 0):
 garbage-first heap   total 324608K, used 274693K [0x0000000080000000, 0x0000000100000000)
  region size 1024K, 48 young (49152K), 7 survivors (7168K)
 Metaspace       used 131402K, capacity 135579K, committed 135936K, reserved 1167360K
  class space    used 16494K, capacity 18072K, committed 18176K, reserved 1048576K
}
Event: 247.791 GC heap after
{Heap after GC invocations=133 (full 0):
 garbage-first heap   total 324608K, used 240299K [0x0000000080000000, 0x0000000100000000)
  region size 1024K, 6 young (6144K), 6 survivors (6144K)
 Metaspace       used 131402K, capacity 135579K, committed 135936K, reserved 1167360K
  class space    used 16494K, capacity 18072K, committed 18176K, reserved 1048576K
}
Event: 247.889 GC heap before
{Heap before GC invocations=133 (full 0):
 garbage-first heap   total 324608K, used 277163K [0x0000000080000000, 0x0000000100000000)
  region size 1024K, 42 young (43008K), 6 survivors (6144K)
 Metaspace       used 132806K, capacity 137206K, committed 137472K, reserved 1169408K
  class space    used 16724K, capacity 18413K, committed 18432K, reserved 1048576K
}
Event: 247.898 GC heap after
{Heap after GC invocations=134 (full 0):
 garbage-first heap   total 324608K, used 246617K [0x0000000080000000, 0x0000000100000000)
  region size 1024K, 6 young (6144K), 6 survivors (6144K)
 Metaspace       used 132806K, capacity 137206K, committed 137472K, reserved 1169408K
  class space    used 16724K, capacity 18413K, committed 18432K, reserved 1048576K
}
Event: 248.032 GC heap before
{Heap before GC invocations=134 (full 0):
 garbage-first heap   total 324608K, used 278361K [0x0000000080000000, 0x0000000100000000)
  region size 1024K, 37 young (37888K), 6 survivors (6144K)
 Metaspace       used 133704K, capacity 138150K, committed 138496K, reserved 1169408K
  class space    used 16889K, capacity 18577K, committed 18688K, reserved 1048576K
}
Event: 248.041 GC heap after
{Heap after GC invocations=135 (full 0):
 garbage-first heap   total 443392K, used 249042K [0x0000000080000000, 0x0000000100000000)
  region size 1024K, 3 young (3072K), 3 survivors (3072K)
 Metaspace       used 133704K, capacity 138150K, committed 138496K, reserved 1169408K
  class space    used 16889K, capacity 18577K, committed 18688K, reserved 1048576K
}
Event: 248.370 GC heap before
{Heap before GC invocations=135 (full 0):
 garbage-first heap   total 443392K, used 324818K [0x0000000080000000, 0x0000000100000000)
  region size 1024K, 78 young (79872K), 3 survivors (3072K)
 Metaspace       used 135606K, capacity 140134K, committed 140416K, reserved 1171456K
  class space    used 17048K, capacity 18775K, committed 18816K, reserved 1048576K
}
Event: 248.374 GC heap after
{Heap after GC invocations=136 (full 0):
 garbage-first heap   total 443392K, used 249058K [0x0000000080000000, 0x0000000100000000)
  region size 1024K, 3 young (3072K), 3 survivors (3072K)
 Metaspace       used 135606K, capacity 140134K, committed 140416K, reserved 1171456K
  class space    used 17048K, capacity 18775K, committed 18816K, reserved 1048576K
}

