# JRE version: OpenJDK Runtime Environment (11.0.13) (build 11.0.13+0-b1751.21-8125866)
# Java VM: OpenJDK 64-Bit Server VM (11.0.13+0-b1751.21-8125866, mixed mode, tiered, compressed oops, g1 gc, windows-amd64)
Heap:
 garbage-first heap   total 155648K, used 93908K [0x0000000080000000, 0x0000000100000000)
  region size 1024K, 39 young (39936K), 6 survivors (6144K)
 Metaspace       used 46571K, capacity 47892K, committed 48204K, reserved 1091584K
  class space    used 5861K, capacity 6350K, committed 6476K, reserved 1048576K
GC Heap History (16 events):
Event: 0.489 GC heap before
{Heap before GC invocations=0 (full 0):
 garbage-first heap   total 129024K, used 29696K [0x0000000080000000, 0x0000000100000000)
  region size 1024K, 24 young (24576K), 0 survivors (0K)
 Metaspace       used 10117K, capacity 10329K, committed 10624K, reserved 1058816K
  class space    used 1036K, capacity 1108K, committed 1152K, reserved 1048576K
}
Event: 0.492 GC heap after
{Heap after GC invocations=1 (full 0):
 garbage-first heap   total 129024K, used 9309K [0x0000000080000000, 0x0000000100000000)
  region size 1024K, 3 young (3072K), 3 survivors (3072K)
 Metaspace       used 10117K, capacity 10329K, committed 10624K, reserved 1058816K
  class space    used 1036K, capacity 1108K, committed 1152K, reserved 1048576K
}
Event: 1.417 GC heap before
{Heap before GC invocations=1 (full 0):
 garbage-first heap   total 129024K, used 84061K [0x0000000080000000, 0x0000000100000000)
  region size 1024K, 75 young (76800K), 3 survivors (3072K)
 Metaspace       used 17592K, capacity 18039K, committed 18304K, reserved 1064960K
  class space    used 2031K, capacity 2159K, committed 2176K, reserved 1048576K
}
Event: 1.421 GC heap after
{Heap after GC invocations=2 (full 0):
 garbage-first heap   total 129024K, used 15803K [0x0000000080000000, 0x0000000100000000)
  region size 1024K, 10 young (10240K), 10 survivors (10240K)
 Metaspace       used 17592K, capacity 18039K, committed 18304K, reserved 1064960K
  class space    used 2031K, capacity 2159K, committed 2176K, reserved 1048576K
}
Event: 1.622 GC heap before
{Heap before GC invocations=2 (full 0):
 garbage-first heap   total 129024K, used 46523K [0x0000000080000000, 0x0000000100000000)
  region size 1024K, 41 young (41984K), 10 survivors (10240K)
 Metaspace       used 20719K, capacity 21122K, committed 21248K, reserved 1067008K
  class space    used 2524K, capacity 2697K, committed 2816K, reserved 1048576K
}
Event: 1.627 GC heap after
{Heap after GC invocations=3 (full 0):
 garbage-first heap   total 129024K, used 17369K [0x0000000080000000, 0x0000000100000000)
  region size 1024K, 2 young (2048K), 2 survivors (2048K)
 Metaspace       used 20719K, capacity 21122K, committed 21248K, reserved 1067008K
  class space    used 2524K, capacity 2697K, committed 2816K, reserved 1048576K
}
Event: 2.160 GC heap before
{Heap before GC invocations=4 (full 0):
 garbage-first heap   total 129024K, used 89049K [0x0000000080000000, 0x0000000100000000)
  region size 1024K, 64 young (65536K), 2 survivors (2048K)
 Metaspace       used 27075K, capacity 27782K, committed 27904K, reserved 1073152K
  class space    used 3543K, capacity 3814K, committed 3840K, reserved 1048576K
}
Event: 2.164 GC heap after
{Heap after GC invocations=5 (full 0):
 garbage-first heap   total 129024K, used 29523K [0x0000000080000000, 0x0000000100000000)
  region size 1024K, 6 young (6144K), 6 survivors (6144K)
 Metaspace       used 27075K, capacity 27782K, committed 27904K, reserved 1073152K
  class space    used 3543K, capacity 3814K, committed 3840K, reserved 1048576K
}
Event: 2.569 GC heap before
{Heap before GC invocations=5 (full 0):
 garbage-first heap   total 129024K, used 94035K [0x0000000080000000, 0x0000000100000000)
  region size 1024K, 65 young (66560K), 6 survivors (6144K)
 Metaspace       used 32194K, capacity 33086K, committed 33152K, reserved 1077248K
  class space    used 4322K, capacity 4689K, committed 4736K, reserved 1048576K
}
Event: 2.572 GC heap after
{Heap after GC invocations=6 (full 0):
 garbage-first heap   total 129024K, used 36790K [0x0000000080000000, 0x0000000100000000)
  region size 1024K, 7 young (7168K), 7 survivors (7168K)
 Metaspace       used 32194K, capacity 33086K, committed 33152K, reserved 1077248K
  class space    used 4322K, capacity 4689K, committed 4736K, reserved 1048576K
}
Event: 2.764 GC heap before
{Heap before GC invocations=6 (full 0):
 garbage-first heap   total 129024K, used 50102K [0x0000000080000000, 0x0000000100000000)
  region size 1024K, 21 young (21504K), 7 survivors (7168K)
 Metaspace       used 34865K, capacity 35783K, committed 35840K, reserved 1081344K
  class space    used 4617K, capacity 4969K, committed 4992K, reserved 1048576K
}
Event: 2.771 GC heap after
{Heap after GC invocations=7 (full 0):
 garbage-first heap   total 129024K, used 38676K [0x0000000080000000, 0x0000000100000000)
  region size 1024K, 4 young (4096K), 4 survivors (4096K)
 Metaspace       used 34865K, capacity 35783K, committed 35840K, reserved 1081344K
  class space    used 4617K, capacity 4969K, committed 4992K, reserved 1048576K
}
Event: 3.249 GC heap before
{Heap before GC invocations=8 (full 0):
 garbage-first heap   total 129024K, used 96020K [0x0000000080000000, 0x0000000100000000)
  region size 1024K, 58 young (59392K), 4 survivors (4096K)
 Metaspace       used 41693K, capacity 42787K, committed 42828K, reserved 1087488K
  class space    used 5282K, capacity 5678K, committed 5708K, reserved 1048576K
}
Event: 3.256 GC heap after
{Heap after GC invocations=9 (full 0):
 garbage-first heap   total 129024K, used 43526K [0x0000000080000000, 0x0000000100000000)
  region size 1024K, 8 young (8192K), 8 survivors (8192K)
 Metaspace       used 41693K, capacity 42787K, committed 42828K, reserved 1087488K
  class space    used 5282K, capacity 5678K, committed 5708K, reserved 1048576K
}
Event: 3.659 GC heap before
{Heap before GC invocations=10 (full 0):
 garbage-first heap   total 129024K, used 109062K [0x0000000080000000, 0x0000000100000000)
  region size 1024K, 60 young (61440K), 8 survivors (8192K)
 Metaspace       used 45553K, capacity 46721K, committed 46924K, reserved 1089536K
  class space    used 5713K, capacity 6129K, committed 6220K, reserved 1048576K
}
Event: 3.667 GC heap after
{Heap after GC invocations=11 (full 0):
 garbage-first heap   total 155648K, used 61140K [0x0000000080000000, 0x0000000100000000)
  region size 1024K, 6 young (6144K), 6 survivors (6144K)
 Metaspace       used 45553K, capacity 46721K, committed 46924K, reserved 1089536K
  class space    used 5713K, capacity 6129K, committed 6220K, reserved 1048576K
}

