# JRE version: OpenJDK Runtime Environment (11.0.13) (build 11.0.13+0-b1751.21-8125866)
# Java VM: OpenJDK 64-Bit Server VM (11.0.13+0-b1751.21-8125866, mixed mode, tiered, compressed oops, g1 gc, windows-amd64)
Heap:
 garbage-first heap   total 432128K, used 174641K [0x0000000080000000, 0x0000000100000000)
  region size 1024K, 11 young (11264K), 11 survivors (11264K)
 Metaspace       used 105994K, capacity 109102K, committed 110160K, reserved 1144832K
  class space    used 13610K, capacity 14767K, committed 15232K, reserved 1048576K
GC Heap History (20 events):
Event: 11.680 GC heap after
{Heap after GC invocations=38 (full 0):
 garbage-first heap   total 284672K, used 138414K [0x0000000080000000, 0x0000000100000000)
  region size 1024K, 9 young (9216K), 9 survivors (9216K)
 Metaspace       used 103283K, capacity 106453K, committed 107344K, reserved 1142784K
  class space    used 13436K, capacity 14688K, committed 14976K, reserved 1048576K
}
Event: 11.906 GC heap before
{Heap before GC invocations=38 (full 0):
 garbage-first heap   total 284672K, used 213166K [0x0000000080000000, 0x0000000100000000)
  region size 1024K, 82 young (83968K), 9 survivors (9216K)
 Metaspace       used 103912K, capacity 107125K, committed 107728K, reserved 1142784K
  class space    used 13556K, capacity 14823K, committed 15104K, reserved 1048576K
}
Event: 11.916 GC heap after
{Heap after GC invocations=39 (full 0):
 garbage-first heap   total 284672K, used 143012K [0x0000000080000000, 0x0000000100000000)
  region size 1024K, 5 young (5120K), 5 survivors (5120K)
 Metaspace       used 103912K, capacity 107125K, committed 107728K, reserved 1142784K
  class space    used 13556K, capacity 14823K, committed 15104K, reserved 1048576K
}
Event: 12.238 GC heap before
{Heap before GC invocations=40 (full 0):
 garbage-first heap   total 284672K, used 217764K [0x0000000080000000, 0x0000000100000000)
  region size 1024K, 79 young (80896K), 5 survivors (5120K)
 Metaspace       used 104136K, capacity 107098K, committed 108496K, reserved 1142784K
  class space    used 13436K, capacity 14520K, committed 15104K, reserved 1048576K
}
Event: 12.243 GC heap after
{Heap after GC invocations=41 (full 0):
 garbage-first heap   total 284672K, used 143608K [0x0000000080000000, 0x0000000100000000)
  region size 1024K, 5 young (5120K), 5 survivors (5120K)
 Metaspace       used 104136K, capacity 107098K, committed 108496K, reserved 1142784K
  class space    used 13436K, capacity 14520K, committed 15104K, reserved 1048576K
}
Event: 12.458 GC heap before
{Heap before GC invocations=41 (full 0):
 garbage-first heap   total 284672K, used 221432K [0x0000000080000000, 0x0000000100000000)
  region size 1024K, 82 young (83968K), 5 survivors (5120K)
 Metaspace       used 105109K, capacity 108208K, committed 109136K, reserved 1142784K
  class space    used 13596K, capacity 14769K, committed 15232K, reserved 1048576K
}
Event: 12.465 GC heap after
{Heap after GC invocations=42 (full 0):
 garbage-first heap   total 284672K, used 145609K [0x0000000080000000, 0x0000000100000000)
  region size 1024K, 7 young (7168K), 7 survivors (7168K)
 Metaspace       used 105109K, capacity 108208K, committed 109136K, reserved 1142784K
  class space    used 13596K, capacity 14769K, committed 15232K, reserved 1048576K
}
Event: 12.759 GC heap before
{Heap before GC invocations=43 (full 0):
 garbage-first heap   total 284672K, used 226505K [0x0000000080000000, 0x0000000100000000)
  region size 1024K, 86 young (88064K), 7 survivors (7168K)
 Metaspace       used 105322K, capacity 108461K, committed 109392K, reserved 1142784K
  class space    used 13595K, capacity 14757K, committed 15232K, reserved 1048576K
}
Event: 12.766 GC heap after
{Heap after GC invocations=44 (full 0):
 garbage-first heap   total 284672K, used 148485K [0x0000000080000000, 0x0000000100000000)
  region size 1024K, 7 young (7168K), 7 survivors (7168K)
 Metaspace       used 105322K, capacity 108461K, committed 109392K, reserved 1142784K
  class space    used 13595K, capacity 14757K, committed 15232K, reserved 1048576K
}
Event: 12.775 GC heap before
{Heap before GC invocations=44 (full 0):
 garbage-first heap   total 284672K, used 155653K [0x0000000080000000, 0x0000000100000000)
  region size 1024K, 14 young (14336K), 7 survivors (7168K)
 Metaspace       used 105323K, capacity 108461K, committed 109392K, reserved 1142784K
  class space    used 13595K, capacity 14757K, committed 15232K, reserved 1048576K
}
Event: 12.782 GC heap after
{Heap after GC invocations=45 (full 0):
 garbage-first heap   total 362496K, used 147861K [0x0000000080000000, 0x0000000100000000)
  region size 1024K, 2 young (2048K), 2 survivors (2048K)
 Metaspace       used 105323K, capacity 108461K, committed 109392K, reserved 1142784K
  class space    used 13595K, capacity 14757K, committed 15232K, reserved 1048576K
}
Event: 12.983 GC heap before
{Heap before GC invocations=45 (full 0):
 garbage-first heap   total 362496K, used 261525K [0x0000000080000000, 0x0000000100000000)
  region size 1024K, 113 young (115712K), 2 survivors (2048K)
 Metaspace       used 105446K, capacity 108598K, committed 109648K, reserved 1144832K
  class space    used 13597K, capacity 14757K, committed 15232K, reserved 1048576K
}
Event: 12.991 GC heap after
{Heap after GC invocations=46 (full 0):
 garbage-first heap   total 362496K, used 159100K [0x0000000080000000, 0x0000000100000000)
  region size 1024K, 13 young (13312K), 13 survivors (13312K)
 Metaspace       used 105446K, capacity 108598K, committed 109648K, reserved 1144832K
  class space    used 13597K, capacity 14757K, committed 15232K, reserved 1048576K
}
Event: 13.174 GC heap before
{Heap before GC invocations=46 (full 0):
 garbage-first heap   total 362496K, used 276860K [0x0000000080000000, 0x0000000100000000)
  region size 1024K, 128 young (131072K), 13 survivors (13312K)
 Metaspace       used 105591K, capacity 108694K, committed 109648K, reserved 1144832K
  class space    used 13609K, capacity 14766K, committed 15232K, reserved 1048576K
}
Event: 13.184 GC heap after
{Heap after GC invocations=47 (full 0):
 garbage-first heap   total 362496K, used 164949K [0x0000000080000000, 0x0000000100000000)
  region size 1024K, 8 young (8192K), 8 survivors (8192K)
 Metaspace       used 105591K, capacity 108694K, committed 109648K, reserved 1144832K
  class space    used 13609K, capacity 14766K, committed 15232K, reserved 1048576K
}
Event: 13.357 GC heap before
{Heap before GC invocations=47 (full 0):
 garbage-first heap   total 362496K, used 283733K [0x0000000080000000, 0x0000000100000000)
  region size 1024K, 124 young (126976K), 8 survivors (8192K)
 Metaspace       used 105715K, capacity 108823K, committed 109904K, reserved 1144832K
  class space    used 13609K, capacity 14766K, committed 15232K, reserved 1048576K
}
Event: 13.362 GC heap after
{Heap after GC invocations=48 (full 0):
 garbage-first heap   total 362496K, used 164892K [0x0000000080000000, 0x0000000100000000)
  region size 1024K, 8 young (8192K), 8 survivors (8192K)
 Metaspace       used 105715K, capacity 108823K, committed 109904K, reserved 1144832K
  class space    used 13609K, capacity 14766K, committed 15232K, reserved 1048576K
}
Event: 13.535 GC heap before
{Heap before GC invocations=48 (full 0):
 garbage-first heap   total 362496K, used 295964K [0x0000000080000000, 0x0000000100000000)
  region size 1024K, 135 young (138240K), 8 survivors (8192K)
 Metaspace       used 105868K, capacity 108963K, committed 109904K, reserved 1144832K
  class space    used 13609K, capacity 14766K, committed 15232K, reserved 1048576K
}
Event: 13.542 GC heap after
{Heap after GC invocations=49 (full 0):
 garbage-first heap   total 362496K, used 170684K [0x0000000080000000, 0x0000000100000000)
  region size 1024K, 12 young (12288K), 12 survivors (12288K)
 Metaspace       used 105868K, capacity 108963K, committed 109904K, reserved 1144832K
  class space    used 13609K, capacity 14766K, committed 15232K, reserved 1048576K
}
Event: 13.689 GC heap before
{Heap before GC invocations=49 (full 0):
 garbage-first heap   total 362496K, used 297660K [0x0000000080000000, 0x0000000100000000)
  region size 1024K, 137 young (140288K), 12 survivors (12288K)
 Metaspace       used 105994K, capacity 109102K, committed 110160K, reserved 1144832K
  class space    used 13610K, capacity 14767K, committed 15232K, reserved 1048576K
}

