# JRE version: OpenJDK Runtime Environment (11.0.13) (build 11.0.13+0-b1751.21-8125866)
# Java VM: OpenJDK 64-Bit Server VM (11.0.13+0-b1751.21-8125866, mixed mode, tiered, compressed oops, g1 gc, windows-amd64)
Heap:
 garbage-first heap   total 225280K, used 117648K [0x0000000080000000, 0x0000000100000000)
  region size 1024K, 5 young (5120K), 5 survivors (5120K)
 Metaspace       used 88269K, capacity 90668K, committed 91356K, reserved 1128448K
  class space    used 11283K, capacity 12139K, committed 12364K, reserved 1048576K
GC Heap History (20 events):
Event: 8.073 GC heap after
{Heap after GC invocations=16 (full 0):
 garbage-first heap   total 155648K, used 55355K [0x0000000080000000, 0x0000000100000000)
  region size 1024K, 5 young (5120K), 5 survivors (5120K)
 Metaspace       used 66658K, capacity 68471K, committed 68700K, reserved 1110016K
  class space    used 8399K, capacity 9034K, committed 9164K, reserved 1048576K
}
Event: 8.750 GC heap before
{Heap before GC invocations=16 (full 0):
 garbage-first heap   total 155648K, used 110651K [0x0000000080000000, 0x0000000100000000)
  region size 1024K, 59 young (60416K), 5 survivors (5120K)
 Metaspace       used 72382K, capacity 74195K, committed 74460K, reserved 1114112K
  class space    used 9300K, capacity 9927K, committed 10060K, reserved 1048576K
}
Event: 8.755 GC heap after
{Heap after GC invocations=17 (full 0):
 garbage-first heap   total 155648K, used 58405K [0x0000000080000000, 0x0000000100000000)
  region size 1024K, 8 young (8192K), 8 survivors (8192K)
 Metaspace       used 72382K, capacity 74195K, committed 74460K, reserved 1114112K
  class space    used 9300K, capacity 9927K, committed 10060K, reserved 1048576K
}
Event: 9.116 GC heap before
{Heap before GC invocations=17 (full 0):
 garbage-first heap   total 155648K, used 113701K [0x0000000080000000, 0x0000000100000000)
  region size 1024K, 62 young (63488K), 8 survivors (8192K)
 Metaspace       used 74278K, capacity 76344K, committed 76508K, reserved 1116160K
  class space    used 9580K, capacity 10255K, committed 10316K, reserved 1048576K
}
Event: 9.125 GC heap after
{Heap after GC invocations=18 (full 0):
 garbage-first heap   total 155648K, used 62420K [0x0000000080000000, 0x0000000100000000)
  region size 1024K, 8 young (8192K), 8 survivors (8192K)
 Metaspace       used 74278K, capacity 76344K, committed 76508K, reserved 1116160K
  class space    used 9580K, capacity 10255K, committed 10316K, reserved 1048576K
}
Event: 9.769 GC heap before
{Heap before GC invocations=18 (full 0):
 garbage-first heap   total 155648K, used 117716K [0x0000000080000000, 0x0000000100000000)
  region size 1024K, 62 young (63488K), 8 survivors (8192K)
 Metaspace       used 79940K, capacity 81970K, committed 82140K, reserved 1120256K
  class space    used 10358K, capacity 11061K, committed 11084K, reserved 1048576K
}
Event: 9.777 GC heap after
{Heap after GC invocations=19 (full 0):
 garbage-first heap   total 187392K, used 66213K [0x0000000080000000, 0x0000000100000000)
  region size 1024K, 8 young (8192K), 8 survivors (8192K)
 Metaspace       used 79940K, capacity 81970K, committed 82140K, reserved 1120256K
  class space    used 10358K, capacity 11061K, committed 11084K, reserved 1048576K
}
Event: 10.988 GC heap before
{Heap before GC invocations=19 (full 0):
 garbage-first heap   total 187392K, used 135845K [0x0000000080000000, 0x0000000100000000)
  region size 1024K, 77 young (78848K), 8 survivors (8192K)
 Metaspace       used 85288K, capacity 87723K, committed 87900K, reserved 1126400K
  class space    used 11066K, capacity 11904K, committed 11980K, reserved 1048576K
}
Event: 10.998 GC heap after
{Heap after GC invocations=20 (full 0):
 garbage-first heap   total 187392K, used 72685K [0x0000000080000000, 0x0000000100000000)
  region size 1024K, 10 young (10240K), 10 survivors (10240K)
 Metaspace       used 85288K, capacity 87723K, committed 87900K, reserved 1126400K
  class space    used 11066K, capacity 11904K, committed 11980K, reserved 1048576K
}
Event: 11.433 GC heap before
{Heap before GC invocations=20 (full 0):
 garbage-first heap   total 187392K, used 140269K [0x0000000080000000, 0x0000000100000000)
  region size 1024K, 77 young (78848K), 10 survivors (10240K)
 Metaspace       used 86340K, capacity 88936K, committed 89180K, reserved 1126400K
  class space    used 11198K, capacity 12108K, committed 12236K, reserved 1048576K
}
Event: 11.443 GC heap after
{Heap after GC invocations=21 (full 0):
 garbage-first heap   total 187392K, used 77499K [0x0000000080000000, 0x0000000100000000)
  region size 1024K, 5 young (5120K), 5 survivors (5120K)
 Metaspace       used 86340K, capacity 88936K, committed 89180K, reserved 1126400K
  class space    used 11198K, capacity 12108K, committed 12236K, reserved 1048576K
}
Event: 12.174 GC heap before
{Heap before GC invocations=21 (full 0):
 garbage-first heap   total 187392K, used 144059K [0x0000000080000000, 0x0000000100000000)
  region size 1024K, 71 young (72704K), 5 survivors (5120K)
 Metaspace       used 87922K, capacity 90515K, committed 90844K, reserved 1128448K
  class space    used 11347K, capacity 12266K, committed 12364K, reserved 1048576K
}
Event: 12.181 GC heap after
{Heap after GC invocations=22 (full 0):
 garbage-first heap   total 187392K, used 85503K [0x0000000080000000, 0x0000000100000000)
  region size 1024K, 8 young (8192K), 8 survivors (8192K)
 Metaspace       used 87922K, capacity 90515K, committed 90844K, reserved 1128448K
  class space    used 11347K, capacity 12266K, committed 12364K, reserved 1048576K
}
Event: 12.729 GC heap before
{Heap before GC invocations=22 (full 0):
 garbage-first heap   total 187392K, used 148991K [0x0000000080000000, 0x0000000100000000)
  region size 1024K, 68 young (69632K), 8 survivors (8192K)
 Metaspace       used 88185K, capacity 90712K, committed 90844K, reserved 1128448K
  class space    used 11365K, capacity 12268K, committed 12364K, reserved 1048576K
}
Event: 12.741 GC heap after
{Heap after GC invocations=23 (full 0):
 garbage-first heap   total 187392K, used 103960K [0x0000000080000000, 0x0000000100000000)
  region size 1024K, 9 young (9216K), 9 survivors (9216K)
 Metaspace       used 88185K, capacity 90712K, committed 90844K, reserved 1128448K
  class space    used 11365K, capacity 12268K, committed 12364K, reserved 1048576K
}
Event: 12.864 GC heap before
{Heap before GC invocations=23 (full 0):
 garbage-first heap   total 187392K, used 114200K [0x0000000080000000, 0x0000000100000000)
  region size 1024K, 20 young (20480K), 9 survivors (9216K)
 Metaspace       used 88450K, capacity 91032K, committed 91100K, reserved 1128448K
  class space    used 11386K, capacity 12332K, committed 12364K, reserved 1048576K
}
Event: 12.874 GC heap after
{Heap after GC invocations=24 (full 0):
 garbage-first heap   total 187392K, used 108479K [0x0000000080000000, 0x0000000100000000)
  region size 1024K, 3 young (3072K), 3 survivors (3072K)
 Metaspace       used 88450K, capacity 91032K, committed 91100K, reserved 1128448K
  class space    used 11386K, capacity 12332K, committed 12364K, reserved 1048576K
}
Event: 13.334 GC heap before
{Heap before GC invocations=25 (full 0):
 garbage-first heap   total 187392K, used 145343K [0x0000000080000000, 0x0000000100000000)
  region size 1024K, 32 young (32768K), 3 survivors (3072K)
 Metaspace       used 88236K, capacity 90662K, committed 91356K, reserved 1128448K
  class space    used 11281K, capacity 12137K, committed 12364K, reserved 1048576K
}
Event: 13.343 GC heap after
{Heap after GC invocations=26 (full 0):
 garbage-first heap   total 187392K, used 111868K [0x0000000080000000, 0x0000000100000000)
  region size 1024K, 4 young (4096K), 4 survivors (4096K)
 Metaspace       used 88236K, capacity 90662K, committed 91356K, reserved 1128448K
  class space    used 11281K, capacity 12137K, committed 12364K, reserved 1048576K
}
Event: 13.478 GC heap before
{Heap before GC invocations=26 (full 0):
 garbage-first heap   total 187392K, used 124156K [0x0000000080000000, 0x0000000100000000)
  region size 1024K, 17 young (17408K), 4 survivors (4096K)
 Metaspace       used 88269K, capacity 90668K, committed 91356K, reserved 1128448K
  class space    used 11283K, capacity 12139K, committed 12364K, reserved 1048576K
}

