# JRE version: OpenJDK Runtime Environment (11.0.13) (build 11.0.13+0-b1751.21-8125866)
# Java VM: OpenJDK 64-Bit Server VM (11.0.13+0-b1751.21-8125866, mixed mode, tiered, compressed oops, g1 gc, windows-amd64)
Heap:
 garbage-first heap   total 155648K, used 68700K [0x0000000080000000, 0x0000000100000000)
  region size 1024K, 7 young (7168K), 4 survivors (4096K)
 Metaspace       used 47288K, capacity 48771K, committed 49100K, reserved 1091584K
  class space    used 5977K, capacity 6495K, committed 6604K, reserved 1048576K
GC Heap History (18 events):
Event: 0.464 GC heap before
{Heap before GC invocations=0 (full 0):
 garbage-first heap   total 129024K, used 29696K [0x0000000080000000, 0x0000000100000000)
  region size 1024K, 24 young (24576K), 0 survivors (0K)
 Metaspace       used 10107K, capacity 10329K, committed 10624K, reserved 1058816K
  class space    used 1034K, capacity 1108K, committed 1152K, reserved 1048576K
}
Event: 0.467 GC heap after
{Heap after GC invocations=1 (full 0):
 garbage-first heap   total 129024K, used 9543K [0x0000000080000000, 0x0000000100000000)
  region size 1024K, 3 young (3072K), 3 survivors (3072K)
 Metaspace       used 10107K, capacity 10329K, committed 10624K, reserved 1058816K
  class space    used 1034K, capacity 1108K, committed 1152K, reserved 1048576K
}
Event: 1.313 GC heap before
{Heap before GC invocations=1 (full 0):
 garbage-first heap   total 129024K, used 83271K [0x0000000080000000, 0x0000000100000000)
  region size 1024K, 75 young (76800K), 3 survivors (3072K)
 Metaspace       used 17618K, capacity 18045K, committed 18304K, reserved 1064960K
  class space    used 2032K, capacity 2161K, committed 2176K, reserved 1048576K
}
Event: 1.317 GC heap after
{Heap after GC invocations=2 (full 0):
 garbage-first heap   total 129024K, used 15999K [0x0000000080000000, 0x0000000100000000)
  region size 1024K, 10 young (10240K), 10 survivors (10240K)
 Metaspace       used 17618K, capacity 18045K, committed 18304K, reserved 1064960K
  class space    used 2032K, capacity 2161K, committed 2176K, reserved 1048576K
}
Event: 1.536 GC heap before
{Heap before GC invocations=2 (full 0):
 garbage-first heap   total 129024K, used 46719K [0x0000000080000000, 0x0000000100000000)
  region size 1024K, 41 young (41984K), 10 survivors (10240K)
 Metaspace       used 20735K, capacity 21122K, committed 21248K, reserved 1067008K
  class space    used 2524K, capacity 2697K, committed 2816K, reserved 1048576K
}
Event: 1.541 GC heap after
{Heap after GC invocations=3 (full 0):
 garbage-first heap   total 129024K, used 17468K [0x0000000080000000, 0x0000000100000000)
  region size 1024K, 2 young (2048K), 2 survivors (2048K)
 Metaspace       used 20735K, capacity 21122K, committed 21248K, reserved 1067008K
  class space    used 2524K, capacity 2697K, committed 2816K, reserved 1048576K
}
Event: 2.254 GC heap before
{Heap before GC invocations=4 (full 0):
 garbage-first heap   total 129024K, used 95292K [0x0000000080000000, 0x0000000100000000)
  region size 1024K, 65 young (66560K), 2 survivors (2048K)
 Metaspace       used 27149K, capacity 27894K, committed 28160K, reserved 1073152K
  class space    used 3550K, capacity 3820K, committed 3840K, reserved 1048576K
}
Event: 2.258 GC heap after
{Heap after GC invocations=5 (full 0):
 garbage-first heap   total 129024K, used 37107K [0x0000000080000000, 0x0000000100000000)
  region size 1024K, 7 young (7168K), 7 survivors (7168K)
 Metaspace       used 27149K, capacity 27894K, committed 28160K, reserved 1073152K
  class space    used 3550K, capacity 3820K, committed 3840K, reserved 1048576K
}
Event: 2.660 GC heap before
{Heap before GC invocations=5 (full 0):
 garbage-first heap   total 129024K, used 91379K [0x0000000080000000, 0x0000000100000000)
  region size 1024K, 60 young (61440K), 7 survivors (7168K)
 Metaspace       used 31537K, capacity 32429K, committed 32512K, reserved 1077248K
  class space    used 4208K, capacity 4576K, committed 4608K, reserved 1048576K
}
Event: 2.663 GC heap after
{Heap after GC invocations=6 (full 0):
 garbage-first heap   total 129024K, used 39670K [0x0000000080000000, 0x0000000100000000)
  region size 1024K, 3 young (3072K), 3 survivors (3072K)
 Metaspace       used 31537K, capacity 32429K, committed 32512K, reserved 1077248K
  class space    used 4208K, capacity 4576K, committed 4608K, reserved 1048576K
}
Event: 2.900 GC heap before
{Heap before GC invocations=6 (full 0):
 garbage-first heap   total 129024K, used 59126K [0x0000000080000000, 0x0000000100000000)
  region size 1024K, 23 young (23552K), 3 survivors (3072K)
 Metaspace       used 34874K, capacity 35771K, committed 35840K, reserved 1081344K
  class space    used 4615K, capacity 4965K, committed 4992K, reserved 1048576K
}
Event: 2.904 GC heap after
{Heap after GC invocations=7 (full 0):
 garbage-first heap   total 129024K, used 40880K [0x0000000080000000, 0x0000000100000000)
  region size 1024K, 4 young (4096K), 4 survivors (4096K)
 Metaspace       used 34874K, capacity 35771K, committed 35840K, reserved 1081344K
  class space    used 4615K, capacity 4965K, committed 4992K, reserved 1048576K
}
Event: 3.405 GC heap before
{Heap before GC invocations=8 (full 0):
 garbage-first heap   total 129024K, used 100272K [0x0000000080000000, 0x0000000100000000)
  region size 1024K, 59 young (60416K), 4 survivors (4096K)
 Metaspace       used 41756K, capacity 42827K, committed 43084K, reserved 1087488K
  class space    used 5287K, capacity 5670K, committed 5708K, reserved 1048576K
}
Event: 3.413 GC heap after
{Heap after GC invocations=9 (full 0):
 garbage-first heap   total 129024K, used 46551K [0x0000000080000000, 0x0000000100000000)
  region size 1024K, 8 young (8192K), 8 survivors (8192K)
 Metaspace       used 41756K, capacity 42827K, committed 43084K, reserved 1087488K
  class space    used 5287K, capacity 5670K, committed 5708K, reserved 1048576K
}
Event: 3.837 GC heap before
{Heap before GC invocations=10 (full 0):
 garbage-first heap   total 129024K, used 112087K [0x0000000080000000, 0x0000000100000000)
  region size 1024K, 60 young (61440K), 8 survivors (8192K)
 Metaspace       used 45642K, capacity 46816K, committed 46924K, reserved 1089536K
  class space    used 5717K, capacity 6161K, committed 6220K, reserved 1048576K
}
Event: 3.845 GC heap after
{Heap after GC invocations=11 (full 0):
 garbage-first heap   total 129024K, used 63745K [0x0000000080000000, 0x0000000100000000)
  region size 1024K, 6 young (6144K), 6 survivors (6144K)
 Metaspace       used 45642K, capacity 46816K, committed 46924K, reserved 1089536K
  class space    used 5717K, capacity 6161K, committed 6220K, reserved 1048576K
}
Event: 4.079 GC heap before
{Heap before GC invocations=11 (full 0):
 garbage-first heap   total 129024K, used 102657K [0x0000000080000000, 0x0000000100000000)
  region size 1024K, 44 young (45056K), 6 survivors (6144K)
 Metaspace       used 47205K, capacity 48707K, committed 48844K, reserved 1091584K
  class space    used 5960K, capacity 6495K, committed 6604K, reserved 1048576K
}
Event: 4.085 GC heap after
{Heap after GC invocations=12 (full 0):
 garbage-first heap   total 155648K, used 66652K [0x0000000080000000, 0x0000000100000000)
  region size 1024K, 4 young (4096K), 4 survivors (4096K)
 Metaspace       used 47205K, capacity 48707K, committed 48844K, reserved 1091584K
  class space    used 5960K, capacity 6495K, committed 6604K, reserved 1048576K
}

