# JRE version: OpenJDK Runtime Environment (11.0.13) (build 11.0.13+0-b1751.21-8125866)
# Java VM: OpenJDK 64-Bit Server VM (11.0.13+0-b1751.21-8125866, mixed mode, tiered, compressed oops, g1 gc, windows-amd64)
Heap:
 garbage-first heap   total 712704K, used 206698K [0x0000000080000000, 0x0000000100000000)
  region size 1024K, 10 young (10240K), 10 survivors (10240K)
 Metaspace       used 136255K, capacity 140416K, committed 140492K, reserved 1171456K
  class space    used 16516K, capacity 17856K, committed 17868K, reserved 1048576K
GC Heap History (20 events):
Event: 287.161 GC heap after
{Heap after GC invocations=114 (full 0):
 garbage-first heap   total 270336K, used 206949K [0x0000000080000000, 0x0000000100000000)
  region size 1024K, 4 young (4096K), 4 survivors (4096K)
 Metaspace       used 126305K, capacity 130498K, committed 130636K, reserved 1163264K
  class space    used 15522K, capacity 16892K, committed 16972K, reserved 1048576K
}
Event: 287.292 GC heap before
{Heap before GC invocations=115 (full 0):
 garbage-first heap   total 270336K, used 226405K [0x0000000080000000, 0x0000000100000000)
  region size 1024K, 24 young (24576K), 4 survivors (4096K)
 Metaspace       used 127563K, capacity 131803K, committed 132044K, reserved 1165312K
  class space    used 15656K, capacity 17028K, committed 17100K, reserved 1048576K
}
Event: 287.297 GC heap after
{Heap after GC invocations=116 (full 0):
 garbage-first heap   total 324608K, used 209920K [0x0000000080000000, 0x0000000100000000)
  region size 1024K, 3 young (3072K), 3 survivors (3072K)
 Metaspace       used 127563K, capacity 131803K, committed 132044K, reserved 1165312K
  class space    used 15656K, capacity 17028K, committed 17100K, reserved 1048576K
}
Event: 287.393 GC heap before
{Heap before GC invocations=116 (full 0):
 garbage-first heap   total 324608K, used 221184K [0x0000000080000000, 0x0000000100000000)
  region size 1024K, 15 young (15360K), 3 survivors (3072K)
 Metaspace       used 128884K, capacity 133141K, committed 133452K, reserved 1165312K
  class space    used 15758K, capacity 17124K, committed 17228K, reserved 1048576K
}
Event: 287.396 GC heap after
{Heap after GC invocations=117 (full 0):
 garbage-first heap   total 324608K, used 211170K [0x0000000080000000, 0x0000000100000000)
  region size 1024K, 2 young (2048K), 2 survivors (2048K)
 Metaspace       used 128884K, capacity 133141K, committed 133452K, reserved 1165312K
  class space    used 15758K, capacity 17124K, committed 17228K, reserved 1048576K
}
Event: 287.617 GC heap before
{Heap before GC invocations=117 (full 0):
 garbage-first heap   total 324608K, used 255202K [0x0000000080000000, 0x0000000100000000)
  region size 1024K, 46 young (47104K), 2 survivors (2048K)
 Metaspace       used 131126K, capacity 135307K, committed 135628K, reserved 1167360K
  class space    used 15956K, capacity 17291K, committed 17356K, reserved 1048576K
}
Event: 287.622 GC heap after
{Heap after GC invocations=118 (full 0):
 garbage-first heap   total 324608K, used 213279K [0x0000000080000000, 0x0000000100000000)
  region size 1024K, 4 young (4096K), 4 survivors (4096K)
 Metaspace       used 131126K, capacity 135307K, committed 135628K, reserved 1167360K
  class space    used 15956K, capacity 17291K, committed 17356K, reserved 1048576K
}
Event: 287.863 GC heap before
{Heap before GC invocations=119 (full 0):
 garbage-first heap   total 324608K, used 247071K [0x0000000080000000, 0x0000000100000000)
  region size 1024K, 51 young (52224K), 4 survivors (4096K)
 Metaspace       used 132697K, capacity 136872K, committed 137036K, reserved 1169408K
  class space    used 16114K, capacity 17450K, committed 17484K, reserved 1048576K
}
Event: 287.873 GC heap after
{Heap after GC invocations=120 (full 0):
 garbage-first heap   total 324608K, used 204543K [0x0000000080000000, 0x0000000100000000)
  region size 1024K, 7 young (7168K), 7 survivors (7168K)
 Metaspace       used 132697K, capacity 136872K, committed 137036K, reserved 1169408K
  class space    used 16114K, capacity 17450K, committed 17484K, reserved 1048576K
}
Event: 287.894 GC heap before
{Heap before GC invocations=120 (full 0):
 garbage-first heap   total 324608K, used 212735K [0x0000000080000000, 0x0000000100000000)
  region size 1024K, 15 young (15360K), 7 survivors (7168K)
 Metaspace       used 132878K, capacity 137000K, committed 137292K, reserved 1169408K
  class space    used 16134K, capacity 17450K, committed 17484K, reserved 1048576K
}
Event: 287.899 GC heap after
{Heap after GC invocations=121 (full 0):
 garbage-first heap   total 324608K, used 191644K [0x0000000080000000, 0x0000000100000000)
  region size 1024K, 2 young (2048K), 2 survivors (2048K)
 Metaspace       used 132878K, capacity 137000K, committed 137292K, reserved 1169408K
  class space    used 16134K, capacity 17450K, committed 17484K, reserved 1048576K
}
Event: 288.314 GC heap before
{Heap before GC invocations=121 (full 0):
 garbage-first heap   total 324608K, used 253084K [0x0000000080000000, 0x0000000100000000)
  region size 1024K, 63 young (64512K), 2 survivors (2048K)
 Metaspace       used 135612K, capacity 139815K, committed 139980K, reserved 1171456K
  class space    used 16456K, capacity 17811K, committed 17868K, reserved 1048576K
}
Event: 288.322 GC heap after
{Heap after GC invocations=122 (full 0):
 garbage-first heap   total 404480K, used 196374K [0x0000000080000000, 0x0000000100000000)
  region size 1024K, 7 young (7168K), 7 survivors (7168K)
 Metaspace       used 135612K, capacity 139815K, committed 139980K, reserved 1171456K
  class space    used 16456K, capacity 17811K, committed 17868K, reserved 1048576K
}
Event: 288.961 GC heap before
{Heap before GC invocations=122 (full 0):
 garbage-first heap   total 404480K, used 291606K [0x0000000080000000, 0x0000000100000000)
  region size 1024K, 101 young (103424K), 7 survivors (7168K)
 Metaspace       used 136128K, capacity 140339K, committed 140492K, reserved 1171456K
  class space    used 16509K, capacity 17854K, committed 17868K, reserved 1048576K
}
Event: 288.994 GC heap after
{Heap after GC invocations=123 (full 0):
 garbage-first heap   total 404480K, used 199511K [0x0000000080000000, 0x0000000100000000)
  region size 1024K, 10 young (10240K), 10 survivors (10240K)
 Metaspace       used 136128K, capacity 140339K, committed 140492K, reserved 1171456K
  class space    used 16509K, capacity 17854K, committed 17868K, reserved 1048576K
}
Event: 289.002 GC heap before
{Heap before GC invocations=123 (full 0):
 garbage-first heap   total 404480K, used 199511K [0x0000000080000000, 0x0000000100000000)
  region size 1024K, 11 young (11264K), 10 survivors (10240K)
 Metaspace       used 136132K, capacity 140339K, committed 140492K, reserved 1171456K
  class space    used 16509K, capacity 17854K, committed 17868K, reserved 1048576K
}
Event: 289.033 GC heap after
{Heap after GC invocations=124 (full 0):
 garbage-first heap   total 404480K, used 200048K [0x0000000080000000, 0x0000000100000000)
  region size 1024K, 4 young (4096K), 4 survivors (4096K)
 Metaspace       used 136132K, capacity 140339K, committed 140492K, reserved 1171456K
  class space    used 16509K, capacity 17854K, committed 17868K, reserved 1048576K
}
Event: 289.748 GC heap before
{Heap before GC invocations=124 (full 0):
 garbage-first heap   total 404480K, used 297328K [0x0000000080000000, 0x0000000100000000)
  region size 1024K, 93 young (95232K), 4 survivors (4096K)
 Metaspace       used 136227K, capacity 140404K, committed 140492K, reserved 1171456K
  class space    used 16514K, capacity 17854K, committed 17868K, reserved 1048576K
}
Event: 289.759 GC heap after
{Heap after GC invocations=125 (full 0):
 garbage-first heap   total 404480K, used 203116K [0x0000000080000000, 0x0000000100000000)
  region size 1024K, 6 young (6144K), 6 survivors (6144K)
 Metaspace       used 136227K, capacity 140404K, committed 140492K, reserved 1171456K
  class space    used 16514K, capacity 17854K, committed 17868K, reserved 1048576K
}
Event: 289.968 GC heap before
{Heap before GC invocations=126 (full 0):
 garbage-first heap   total 404480K, used 300396K [0x0000000080000000, 0x0000000100000000)
  region size 1024K, 100 young (102400K), 6 survivors (6144K)
 Metaspace       used 136255K, capacity 140416K, committed 140492K, reserved 1171456K
  class space    used 16516K, capacity 17856K, committed 17868K, reserved 1048576K
}

