# JRE version: OpenJDK Runtime Environment (11.0.13) (build 11.0.13+0-b1751.21-8125866)
# Java VM: OpenJDK 64-Bit Server VM (11.0.13+0-b1751.21-8125866, mixed mode, tiered, compressed oops, g1 gc, windows-amd64)
Heap:
 garbage-first heap   total 270336K, used 115199K [0x0000000080000000, 0x0000000100000000)
  region size 1024K, 4 young (4096K), 4 survivors (4096K)
 Metaspace       used 114213K, capacity 117566K, committed 118824K, reserved 1150976K
  class space    used 14727K, capacity 15966K, committed 16536K, reserved 1048576K
GC Heap History (20 events):
Event: 10.002 GC heap after
{Heap after GC invocations=22 (full 0):
 garbage-first heap   total 187392K, used 102962K [0x0000000080000000, 0x0000000100000000)
  region size 1024K, 9 young (9216K), 9 survivors (9216K)
 Metaspace       used 94329K, capacity 97053K, committed 97192K, reserved 1134592K
  class space    used 12092K, capacity 13049K, committed 13080K, reserved 1048576K
}
Event: 10.301 GC heap before
{Heap before GC invocations=22 (full 0):
 garbage-first heap   total 187392K, used 150066K [0x0000000080000000, 0x0000000100000000)
  region size 1024K, 56 young (57344K), 9 survivors (9216K)
 Metaspace       used 95856K, capacity 98687K, committed 98984K, reserved 1134592K
  class space    used 12286K, capacity 13291K, committed 13336K, reserved 1048576K
}
Event: 10.309 GC heap after
{Heap after GC invocations=23 (full 0):
 garbage-first heap   total 225280K, used 104037K [0x0000000080000000, 0x0000000100000000)
  region size 1024K, 5 young (5120K), 5 survivors (5120K)
 Metaspace       used 95856K, capacity 98687K, committed 98984K, reserved 1134592K
  class space    used 12286K, capacity 13291K, committed 13336K, reserved 1048576K
}
Event: 10.567 GC heap before
{Heap before GC invocations=24 (full 0):
 garbage-first heap   total 225280K, used 167525K [0x0000000080000000, 0x0000000100000000)
  region size 1024K, 67 young (68608K), 5 survivors (5120K)
 Metaspace       used 95752K, capacity 98344K, committed 98984K, reserved 1134592K
  class space    used 12211K, capacity 13127K, committed 13336K, reserved 1048576K
}
Event: 10.574 GC heap after
{Heap after GC invocations=25 (full 0):
 garbage-first heap   total 225280K, used 108514K [0x0000000080000000, 0x0000000100000000)
  region size 1024K, 7 young (7168K), 7 survivors (7168K)
 Metaspace       used 95752K, capacity 98344K, committed 98984K, reserved 1134592K
  class space    used 12211K, capacity 13127K, committed 13336K, reserved 1048576K
}
Event: 10.956 GC heap before
{Heap before GC invocations=26 (full 0):
 garbage-first heap   total 225280K, used 176098K [0x0000000080000000, 0x0000000100000000)
  region size 1024K, 72 young (73728K), 7 survivors (7168K)
 Metaspace       used 102110K, capacity 105075K, committed 105384K, reserved 1140736K
  class space    used 13142K, capacity 14274K, committed 14360K, reserved 1048576K
}
Event: 10.967 GC heap after
{Heap after GC invocations=27 (full 0):
 garbage-first heap   total 225280K, used 117657K [0x0000000080000000, 0x0000000100000000)
  region size 1024K, 9 young (9216K), 9 survivors (9216K)
 Metaspace       used 102110K, capacity 105075K, committed 105384K, reserved 1140736K
  class space    used 13142K, capacity 14274K, committed 14360K, reserved 1048576K
}
Event: 11.286 GC heap before
{Heap before GC invocations=27 (full 0):
 garbage-first heap   total 225280K, used 176025K [0x0000000080000000, 0x0000000100000000)
  region size 1024K, 67 young (68608K), 9 survivors (9216K)
 Metaspace       used 107530K, capacity 111107K, committed 111400K, reserved 1144832K
  class space    used 14007K, capacity 15396K, committed 15512K, reserved 1048576K
}
Event: 11.297 GC heap after
{Heap after GC invocations=28 (full 0):
 garbage-first heap   total 225280K, used 120832K [0x0000000080000000, 0x0000000100000000)
  region size 1024K, 3 young (3072K), 3 survivors (3072K)
 Metaspace       used 107530K, capacity 111107K, committed 111400K, reserved 1144832K
  class space    used 14007K, capacity 15396K, committed 15512K, reserved 1048576K
}
Event: 11.716 GC heap before
{Heap before GC invocations=29 (full 0):
 garbage-first heap   total 225280K, used 181248K [0x0000000080000000, 0x0000000100000000)
  region size 1024K, 61 young (62464K), 3 survivors (3072K)
 Metaspace       used 108550K, capacity 112127K, committed 112296K, reserved 1146880K
  class space    used 14094K, capacity 15492K, committed 15640K, reserved 1048576K
}
Event: 11.723 GC heap after
{Heap after GC invocations=30 (full 0):
 garbage-first heap   total 225280K, used 122796K [0x0000000080000000, 0x0000000100000000)
  region size 1024K, 5 young (5120K), 5 survivors (5120K)
 Metaspace       used 108550K, capacity 112127K, committed 112296K, reserved 1146880K
  class space    used 14094K, capacity 15492K, committed 15640K, reserved 1048576K
}
Event: 11.745 GC heap before
{Heap before GC invocations=30 (full 0):
 garbage-first heap   total 225280K, used 127916K [0x0000000080000000, 0x0000000100000000)
  region size 1024K, 11 young (11264K), 5 survivors (5120K)
 Metaspace       used 108874K, capacity 112501K, committed 112808K, reserved 1146880K
  class space    used 14156K, capacity 15559K, committed 15640K, reserved 1048576K
}
Event: 11.750 GC heap after
{Heap after GC invocations=31 (full 0):
 garbage-first heap   total 225280K, used 123400K [0x0000000080000000, 0x0000000100000000)
  region size 1024K, 2 young (2048K), 2 survivors (2048K)
 Metaspace       used 108874K, capacity 112501K, committed 112808K, reserved 1146880K
  class space    used 14156K, capacity 15559K, committed 15640K, reserved 1048576K
}
Event: 11.855 GC heap before
{Heap before GC invocations=31 (full 0):
 garbage-first heap   total 225280K, used 147976K [0x0000000080000000, 0x0000000100000000)
  region size 1024K, 28 young (28672K), 2 survivors (2048K)
 Metaspace       used 109689K, capacity 113351K, committed 113576K, reserved 1146880K
  class space    used 14354K, capacity 15775K, committed 15896K, reserved 1048576K
}
Event: 11.862 GC heap after
{Heap after GC invocations=32 (full 0):
 garbage-first heap   total 225280K, used 128509K [0x0000000080000000, 0x0000000100000000)
  region size 1024K, 7 young (7168K), 7 survivors (7168K)
 Metaspace       used 109689K, capacity 113351K, committed 113576K, reserved 1146880K
  class space    used 14354K, capacity 15775K, committed 15896K, reserved 1048576K
}
Event: 12.309 GC heap before
{Heap before GC invocations=33 (full 0):
 garbage-first heap   total 225280K, used 182781K [0x0000000080000000, 0x0000000100000000)
  region size 1024K, 61 young (62464K), 7 survivors (7168K)
 Metaspace       used 112419K, capacity 115558K, committed 117032K, reserved 1150976K
  class space    used 14525K, capacity 15710K, committed 16280K, reserved 1048576K
}
Event: 12.315 GC heap after
{Heap after GC invocations=34 (full 0):
 garbage-first heap   total 225280K, used 122862K [0x0000000080000000, 0x0000000100000000)
  region size 1024K, 2 young (2048K), 2 survivors (2048K)
 Metaspace       used 112419K, capacity 115558K, committed 117032K, reserved 1150976K
  class space    used 14525K, capacity 15710K, committed 16280K, reserved 1048576K
}
Event: 12.379 GC heap before
{Heap before GC invocations=34 (full 0):
 garbage-first heap   total 225280K, used 132078K [0x0000000080000000, 0x0000000100000000)
  region size 1024K, 11 young (11264K), 2 survivors (2048K)
 Metaspace       used 112772K, capacity 116004K, committed 117544K, reserved 1150976K
  class space    used 14547K, capacity 15747K, committed 16280K, reserved 1048576K
}
Event: 12.385 GC heap after
{Heap after GC invocations=35 (full 0):
 garbage-first heap   total 225280K, used 113897K [0x0000000080000000, 0x0000000100000000)
  region size 1024K, 2 young (2048K), 2 survivors (2048K)
 Metaspace       used 112772K, capacity 116004K, committed 117544K, reserved 1150976K
  class space    used 14547K, capacity 15747K, committed 16280K, reserved 1048576K
}
Event: 12.611 GC heap before
{Heap before GC invocations=35 (full 0):
 garbage-first heap   total 225280K, used 127209K [0x0000000080000000, 0x0000000100000000)
  region size 1024K, 16 young (16384K), 2 survivors (2048K)
 Metaspace       used 114213K, capacity 117566K, committed 118824K, reserved 1150976K
  class space    used 14727K, capacity 15966K, committed 16536K, reserved 1048576K
}

