# JRE version: OpenJDK Runtime Environment (11.0.13) (build 11.0.13+0-b1751.21-8125866)
# Java VM: OpenJDK 64-Bit Server VM (11.0.13+0-b1751.21-8125866, mixed mode, tiered, compressed oops, g1 gc, windows-amd64)
Heap:
 garbage-first heap   total 129024K, used 53536K [0x0000000080000000, 0x0000000100000000)
  region size 1024K, 35 young (35840K), 4 survivors (4096K)
 Metaspace       used 37709K, capacity 38603K, committed 38736K, reserved 1083392K
  class space    used 4817K, capacity 5157K, committed 5280K, reserved 1048576K
GC Heap History (12 events):
Event: 0.634 GC heap before
{Heap before GC invocations=0 (full 0):
 garbage-first heap   total 129024K, used 29696K [0x0000000080000000, 0x0000000100000000)
  region size 1024K, 24 young (24576K), 0 survivors (0K)
 Metaspace       used 10112K, capacity 10333K, committed 10624K, reserved 1058816K
  class space    used 1037K, capacity 1108K, committed 1152K, reserved 1048576K
}
Event: 0.639 GC heap after
{Heap after GC invocations=1 (full 0):
 garbage-first heap   total 129024K, used 9457K [0x0000000080000000, 0x0000000100000000)
  region size 1024K, 3 young (3072K), 3 survivors (3072K)
 Metaspace       used 10112K, capacity 10333K, committed 10624K, reserved 1058816K
  class space    used 1037K, capacity 1108K, committed 1152K, reserved 1048576K
}
Event: 1.827 GC heap before
{Heap before GC invocations=1 (full 0):
 garbage-first heap   total 129024K, used 84209K [0x0000000080000000, 0x0000000100000000)
  region size 1024K, 75 young (76800K), 3 survivors (3072K)
 Metaspace       used 17262K, capacity 17640K, committed 17792K, reserved 1064960K
  class space    used 1992K, capacity 2141K, committed 2176K, reserved 1048576K
}
Event: 1.833 GC heap after
{Heap after GC invocations=2 (full 0):
 garbage-first heap   total 129024K, used 16409K [0x0000000080000000, 0x0000000100000000)
  region size 1024K, 10 young (10240K), 10 survivors (10240K)
 Metaspace       used 17262K, capacity 17640K, committed 17792K, reserved 1064960K
  class space    used 1992K, capacity 2141K, committed 2176K, reserved 1048576K
}
Event: 2.135 GC heap before
{Heap before GC invocations=2 (full 0):
 garbage-first heap   total 129024K, used 50201K [0x0000000080000000, 0x0000000100000000)
  region size 1024K, 44 young (45056K), 10 survivors (10240K)
 Metaspace       used 20750K, capacity 21191K, committed 21296K, reserved 1069056K
  class space    used 2532K, capacity 2686K, committed 2688K, reserved 1048576K
}
Event: 2.141 GC heap after
{Heap after GC invocations=3 (full 0):
 garbage-first heap   total 129024K, used 17237K [0x0000000080000000, 0x0000000100000000)
  region size 1024K, 2 young (2048K), 2 survivors (2048K)
 Metaspace       used 20750K, capacity 21191K, committed 21296K, reserved 1069056K
  class space    used 2532K, capacity 2686K, committed 2688K, reserved 1048576K
}
Event: 2.709 GC heap before
{Heap before GC invocations=4 (full 0):
 garbage-first heap   total 129024K, used 71509K [0x0000000080000000, 0x0000000100000000)
  region size 1024K, 56 young (57344K), 2 survivors (2048K)
 Metaspace       used 26543K, capacity 27149K, committed 27388K, reserved 1073152K
  class space    used 3440K, capacity 3640K, committed 3660K, reserved 1048576K
}
Event: 2.713 GC heap after
{Heap after GC invocations=5 (full 0):
 garbage-first heap   total 129024K, used 18969K [0x0000000080000000, 0x0000000100000000)
  region size 1024K, 4 young (4096K), 4 survivors (4096K)
 Metaspace       used 26543K, capacity 27149K, committed 27388K, reserved 1073152K
  class space    used 3440K, capacity 3640K, committed 3660K, reserved 1048576K
}
Event: 3.403 GC heap before
{Heap before GC invocations=5 (full 0):
 garbage-first heap   total 129024K, used 79385K [0x0000000080000000, 0x0000000100000000)
  region size 1024K, 63 young (64512K), 4 survivors (4096K)
 Metaspace       used 34522K, capacity 35289K, committed 35452K, reserved 1079296K
  class space    used 4435K, capacity 4716K, committed 4812K, reserved 1048576K
}
Event: 3.408 GC heap after
{Heap after GC invocations=6 (full 0):
 garbage-first heap   total 129024K, used 21977K [0x0000000080000000, 0x0000000100000000)
  region size 1024K, 7 young (7168K), 7 survivors (7168K)
 Metaspace       used 34522K, capacity 35289K, committed 35452K, reserved 1079296K
  class space    used 4435K, capacity 4716K, committed 4812K, reserved 1048576K
}
Event: 3.468 GC heap before
{Heap before GC invocations=6 (full 0):
 garbage-first heap   total 129024K, used 25049K [0x0000000080000000, 0x0000000100000000)
  region size 1024K, 11 young (11264K), 7 survivors (7168K)
 Metaspace       used 35181K, capacity 35970K, committed 36048K, reserved 1081344K
  class space    used 4522K, capacity 4838K, committed 4896K, reserved 1048576K
}
Event: 3.476 GC heap after
{Heap after GC invocations=7 (full 0):
 garbage-first heap   total 129024K, used 22816K [0x0000000080000000, 0x0000000100000000)
  region size 1024K, 4 young (4096K), 4 survivors (4096K)
 Metaspace       used 35181K, capacity 35970K, committed 36048K, reserved 1081344K
  class space    used 4522K, capacity 4838K, committed 4896K, reserved 1048576K
}

