# JRE version: OpenJDK Runtime Environment (11.0.13) (build 11.0.13+0-b1751.21-8125866)
# Java VM: OpenJDK 64-Bit Server VM (11.0.13+0-b1751.21-8125866, mixed mode, tiered, compressed oops, g1 gc, windows-amd64)
Heap:
 garbage-first heap   total 421888K, used 159127K [0x0000000080000000, 0x0000000100000000)
  region size 1024K, 5 young (5120K), 5 survivors (5120K)
 Metaspace       used 105049K, capacity 108288K, committed 108508K, reserved 1142784K
  class space    used 13181K, capacity 14303K, committed 14348K, reserved 1048576K
GC Heap History (20 events):
Event: 235.036 GC heap after
{Heap after GC invocations=36 (full 0):
 garbage-first heap   total 187392K, used 154441K [0x0000000080000000, 0x0000000100000000)
  region size 1024K, 1 young (1024K), 1 survivors (1024K)
 Metaspace       used 92778K, capacity 95825K, committed 96092K, reserved 1132544K
  class space    used 11625K, capacity 12671K, committed 12684K, reserved 1048576K
}
Event: 235.056 GC heap before
{Heap before GC invocations=36 (full 0):
 garbage-first heap   total 187392K, used 162633K [0x0000000080000000, 0x0000000100000000)
  region size 1024K, 9 young (9216K), 1 survivors (1024K)
 Metaspace       used 93027K, capacity 96081K, committed 96348K, reserved 1132544K
  class space    used 11650K, capacity 12671K, committed 12684K, reserved 1048576K
}
Event: 235.057 GC heap after
{Heap after GC invocations=37 (full 0):
 garbage-first heap   total 187392K, used 154430K [0x0000000080000000, 0x0000000100000000)
  region size 1024K, 1 young (1024K), 1 survivors (1024K)
 Metaspace       used 93027K, capacity 96081K, committed 96348K, reserved 1132544K
  class space    used 11650K, capacity 12671K, committed 12684K, reserved 1048576K
}
Event: 235.088 GC heap before
{Heap before GC invocations=37 (full 0):
 garbage-first heap   total 187392K, used 162622K [0x0000000080000000, 0x0000000100000000)
  region size 1024K, 9 young (9216K), 1 survivors (1024K)
 Metaspace       used 93257K, capacity 96217K, committed 96476K, reserved 1132544K
  class space    used 11679K, capacity 12695K, committed 12812K, reserved 1048576K
}
Event: 235.090 GC heap after
{Heap after GC invocations=38 (full 0):
 garbage-first heap   total 187392K, used 154493K [0x0000000080000000, 0x0000000100000000)
  region size 1024K, 1 young (1024K), 1 survivors (1024K)
 Metaspace       used 93257K, capacity 96217K, committed 96476K, reserved 1132544K
  class space    used 11679K, capacity 12695K, committed 12812K, reserved 1048576K
}
Event: 235.122 GC heap before
{Heap before GC invocations=39 (full 0):
 garbage-first heap   total 187392K, used 162685K [0x0000000080000000, 0x0000000100000000)
  region size 1024K, 10 young (10240K), 1 survivors (1024K)
 Metaspace       used 93513K, capacity 96477K, committed 96732K, reserved 1132544K
  class space    used 11710K, capacity 12733K, committed 12812K, reserved 1048576K
}
Event: 235.123 GC heap after
{Heap after GC invocations=40 (full 0):
 garbage-first heap   total 187392K, used 154598K [0x0000000080000000, 0x0000000100000000)
  region size 1024K, 1 young (1024K), 1 survivors (1024K)
 Metaspace       used 93513K, capacity 96477K, committed 96732K, reserved 1132544K
  class space    used 11710K, capacity 12733K, committed 12812K, reserved 1048576K
}
Event: 235.200 GC heap before
{Heap before GC invocations=40 (full 0):
 garbage-first heap   total 187392K, used 161766K [0x0000000080000000, 0x0000000100000000)
  region size 1024K, 9 young (9216K), 1 survivors (1024K)
 Metaspace       used 94356K, capacity 97415K, committed 97628K, reserved 1134592K
  class space    used 11817K, capacity 12855K, committed 12940K, reserved 1048576K
}
Event: 235.201 GC heap after
{Heap after GC invocations=41 (full 0):
 garbage-first heap   total 187392K, used 154217K [0x0000000080000000, 0x0000000100000000)
  region size 1024K, 2 young (2048K), 2 survivors (2048K)
 Metaspace       used 94356K, capacity 97415K, committed 97628K, reserved 1134592K
  class space    used 11817K, capacity 12855K, committed 12940K, reserved 1048576K
}
Event: 235.256 GC heap before
{Heap before GC invocations=41 (full 0):
 garbage-first heap   total 187392K, used 162409K [0x0000000080000000, 0x0000000100000000)
  region size 1024K, 10 young (10240K), 2 survivors (2048K)
 Metaspace       used 94755K, capacity 97710K, committed 97884K, reserved 1134592K
  class space    used 11877K, capacity 12888K, committed 12940K, reserved 1048576K
}
Event: 235.259 GC heap after
{Heap after GC invocations=42 (full 0):
 garbage-first heap   total 187392K, used 154687K [0x0000000080000000, 0x0000000100000000)
  region size 1024K, 2 young (2048K), 2 survivors (2048K)
 Metaspace       used 94755K, capacity 97710K, committed 97884K, reserved 1134592K
  class space    used 11877K, capacity 12888K, committed 12940K, reserved 1048576K
}
Event: 235.335 GC heap before
{Heap before GC invocations=42 (full 0):
 garbage-first heap   total 187392K, used 162879K [0x0000000080000000, 0x0000000100000000)
  region size 1024K, 10 young (10240K), 2 survivors (2048K)
 Metaspace       used 95214K, capacity 98174K, committed 98524K, reserved 1134592K
  class space    used 11939K, capacity 12957K, committed 13068K, reserved 1048576K
}
Event: 235.342 GC heap after
{Heap after GC invocations=43 (full 0):
 garbage-first heap   total 225280K, used 154920K [0x0000000080000000, 0x0000000100000000)
  region size 1024K, 2 young (2048K), 2 survivors (2048K)
 Metaspace       used 95214K, capacity 98174K, committed 98524K, reserved 1134592K
  class space    used 11939K, capacity 12957K, committed 13068K, reserved 1048576K
}
Event: 235.516 GC heap before
{Heap before GC invocations=44 (full 0):
 garbage-first heap   total 225280K, used 179496K [0x0000000080000000, 0x0000000100000000)
  region size 1024K, 26 young (26624K), 2 survivors (2048K)
 Metaspace       used 95873K, capacity 98846K, committed 99036K, reserved 1134592K
  class space    used 12016K, capacity 13053K, committed 13068K, reserved 1048576K
}
Event: 235.522 GC heap after
{Heap after GC invocations=45 (full 0):
 garbage-first heap   total 225280K, used 155039K [0x0000000080000000, 0x0000000100000000)
  region size 1024K, 2 young (2048K), 2 survivors (2048K)
 Metaspace       used 95873K, capacity 98846K, committed 99036K, reserved 1134592K
  class space    used 12016K, capacity 13053K, committed 13068K, reserved 1048576K
}
Event: 235.779 GC heap before
{Heap before GC invocations=45 (full 0):
 garbage-first heap   total 225280K, used 182687K [0x0000000080000000, 0x0000000100000000)
  region size 1024K, 29 young (29696K), 2 survivors (2048K)
 Metaspace       used 99370K, capacity 102410K, committed 102492K, reserved 1138688K
  class space    used 12377K, capacity 13408K, committed 13452K, reserved 1048576K
}
Event: 235.782 GC heap after
{Heap after GC invocations=46 (full 0):
 garbage-first heap   total 225280K, used 155341K [0x0000000080000000, 0x0000000100000000)
  region size 1024K, 2 young (2048K), 2 survivors (2048K)
 Metaspace       used 99370K, capacity 102410K, committed 102492K, reserved 1138688K
  class space    used 12377K, capacity 13408K, committed 13452K, reserved 1048576K
}
Event: 236.110 GC heap before
{Heap before GC invocations=46 (full 0):
 garbage-first heap   total 225280K, used 185037K [0x0000000080000000, 0x0000000100000000)
  region size 1024K, 31 young (31744K), 2 survivors (2048K)
 Metaspace       used 103087K, capacity 106167K, committed 106332K, reserved 1142784K
  class space    used 12884K, capacity 13923K, committed 13964K, reserved 1048576K
}
Event: 236.113 GC heap after
{Heap after GC invocations=47 (full 0):
 garbage-first heap   total 225280K, used 157012K [0x0000000080000000, 0x0000000100000000)
  region size 1024K, 4 young (4096K), 4 survivors (4096K)
 Metaspace       used 103087K, capacity 106167K, committed 106332K, reserved 1142784K
  class space    used 12884K, capacity 13923K, committed 13964K, reserved 1048576K
}
Event: 236.355 GC heap before
{Heap before GC invocations=47 (full 0):
 garbage-first heap   total 225280K, used 186708K [0x0000000080000000, 0x0000000100000000)
  region size 1024K, 33 young (33792K), 4 survivors (4096K)
 Metaspace       used 105049K, capacity 108288K, committed 108508K, reserved 1142784K
  class space    used 13181K, capacity 14303K, committed 14348K, reserved 1048576K
}

