# JRE version: OpenJDK Runtime Environment (11.0.13) (build 11.0.13+0-b1751.21-8125866)
# Java VM: OpenJDK 64-Bit Server VM (11.0.13+0-b1751.21-8125866, mixed mode, tiered, compressed oops, g1 gc, windows-amd64)
Heap:
 garbage-first heap   total 477184K, used 209670K [0x0000000080000000, 0x0000000100000000)
  region size 1024K, 2 young (2048K), 2 survivors (2048K)
 Metaspace       used 124550K, capacity 127914K, committed 128076K, reserved 1161216K
  class space    used 15169K, capacity 16326K, committed 16460K, reserved 1048576K
GC Heap History (20 events):
Event: 37.762 GC heap after
{Heap after GC invocations=68 (full 0):
 garbage-first heap   total 270336K, used 196832K [0x0000000080000000, 0x0000000100000000)
  region size 1024K, 3 young (3072K), 3 survivors (3072K)
 Metaspace       used 116981K, capacity 120202K, committed 120524K, reserved 1155072K
  class space    used 14391K, capacity 15496K, committed 15564K, reserved 1048576K
}
Event: 37.791 GC heap before
{Heap before GC invocations=68 (full 0):
 garbage-first heap   total 270336K, used 207072K [0x0000000080000000, 0x0000000100000000)
  region size 1024K, 13 young (13312K), 3 survivors (3072K)
 Metaspace       used 117080K, capacity 120400K, committed 120652K, reserved 1155072K
  class space    used 14399K, capacity 15561K, committed 15692K, reserved 1048576K
}
Event: 37.795 GC heap after
{Heap after GC invocations=69 (full 0):
 garbage-first heap   total 270336K, used 179984K [0x0000000080000000, 0x0000000100000000)
  region size 1024K, 2 young (2048K), 2 survivors (2048K)
 Metaspace       used 117080K, capacity 120400K, committed 120652K, reserved 1155072K
  class space    used 14399K, capacity 15561K, committed 15692K, reserved 1048576K
}
Event: 37.884 GC heap before
{Heap before GC invocations=69 (full 0):
 garbage-first heap   total 270336K, used 211728K [0x0000000080000000, 0x0000000100000000)
  region size 1024K, 33 young (33792K), 2 survivors (2048K)
 Metaspace       used 117268K, capacity 120656K, committed 120908K, reserved 1155072K
  class space    used 14399K, capacity 15561K, committed 15692K, reserved 1048576K
}
Event: 37.887 GC heap after
{Heap after GC invocations=70 (full 0):
 garbage-first heap   total 270336K, used 180469K [0x0000000080000000, 0x0000000100000000)
  region size 1024K, 3 young (3072K), 3 survivors (3072K)
 Metaspace       used 117268K, capacity 120656K, committed 120908K, reserved 1155072K
  class space    used 14399K, capacity 15561K, committed 15692K, reserved 1048576K
}
Event: 38.018 GC heap before
{Heap before GC invocations=70 (full 0):
 garbage-first heap   total 270336K, used 219381K [0x0000000080000000, 0x0000000100000000)
  region size 1024K, 36 young (36864K), 3 survivors (3072K)
 Metaspace       used 118402K, capacity 121703K, committed 121932K, reserved 1155072K
  class space    used 14495K, capacity 15629K, committed 15692K, reserved 1048576K
}
Event: 38.022 GC heap after
{Heap after GC invocations=71 (full 0):
 garbage-first heap   total 270336K, used 182807K [0x0000000080000000, 0x0000000100000000)
  region size 1024K, 5 young (5120K), 5 survivors (5120K)
 Metaspace       used 118402K, capacity 121703K, committed 121932K, reserved 1155072K
  class space    used 14495K, capacity 15629K, committed 15692K, reserved 1048576K
}
Event: 38.103 GC heap before
{Heap before GC invocations=71 (full 0):
 garbage-first heap   total 270336K, used 216599K [0x0000000080000000, 0x0000000100000000)
  region size 1024K, 39 young (39936K), 5 survivors (5120K)
 Metaspace       used 119043K, capacity 122347K, committed 122572K, reserved 1157120K
  class space    used 14552K, capacity 15693K, committed 15820K, reserved 1048576K
}
Event: 38.109 GC heap after
{Heap after GC invocations=72 (full 0):
 garbage-first heap   total 270336K, used 188568K [0x0000000080000000, 0x0000000100000000)
  region size 1024K, 5 young (5120K), 5 survivors (5120K)
 Metaspace       used 119043K, capacity 122347K, committed 122572K, reserved 1157120K
  class space    used 14552K, capacity 15693K, committed 15820K, reserved 1048576K
}
Event: 38.211 GC heap before
{Heap before GC invocations=72 (full 0):
 garbage-first heap   total 270336K, used 220312K [0x0000000080000000, 0x0000000100000000)
  region size 1024K, 37 young (37888K), 5 survivors (5120K)
 Metaspace       used 119247K, capacity 122624K, committed 122828K, reserved 1157120K
  class space    used 14555K, capacity 15693K, committed 15820K, reserved 1048576K
}
Event: 38.215 GC heap after
{Heap after GC invocations=73 (full 0):
 garbage-first heap   total 270336K, used 190279K [0x0000000080000000, 0x0000000100000000)
  region size 1024K, 2 young (2048K), 2 survivors (2048K)
 Metaspace       used 119247K, capacity 122624K, committed 122828K, reserved 1157120K
  class space    used 14555K, capacity 15693K, committed 15820K, reserved 1048576K
}
Event: 38.341 GC heap before
{Heap before GC invocations=73 (full 0):
 garbage-first heap   total 270336K, used 223047K [0x0000000080000000, 0x0000000100000000)
  region size 1024K, 35 young (35840K), 2 survivors (2048K)
 Metaspace       used 119353K, capacity 122710K, committed 123084K, reserved 1157120K
  class space    used 14557K, capacity 15694K, committed 15820K, reserved 1048576K
}
Event: 38.346 GC heap after
{Heap after GC invocations=74 (full 0):
 garbage-first heap   total 331776K, used 192362K [0x0000000080000000, 0x0000000100000000)
  region size 1024K, 4 young (4096K), 4 survivors (4096K)
 Metaspace       used 119353K, capacity 122710K, committed 123084K, reserved 1157120K
  class space    used 14557K, capacity 15694K, committed 15820K, reserved 1048576K
}
Event: 38.806 GC heap before
{Heap before GC invocations=74 (full 0):
 garbage-first heap   total 331776K, used 251754K [0x0000000080000000, 0x0000000100000000)
  region size 1024K, 63 young (64512K), 4 survivors (4096K)
 Metaspace       used 119473K, capacity 122756K, committed 123084K, reserved 1157120K
  class space    used 14565K, capacity 15701K, committed 15820K, reserved 1048576K
}
Event: 38.826 GC heap after
{Heap after GC invocations=75 (full 0):
 garbage-first heap   total 331776K, used 195306K [0x0000000080000000, 0x0000000100000000)
  region size 1024K, 7 young (7168K), 7 survivors (7168K)
 Metaspace       used 119473K, capacity 122756K, committed 123084K, reserved 1157120K
  class space    used 14565K, capacity 15701K, committed 15820K, reserved 1048576K
}
Event: 39.309 GC heap before
{Heap before GC invocations=75 (full 0):
 garbage-first heap   total 331776K, used 257770K [0x0000000080000000, 0x0000000100000000)
  region size 1024K, 69 young (70656K), 7 survivors (7168K)
 Metaspace       used 122507K, capacity 125819K, committed 126028K, reserved 1159168K
  class space    used 14963K, capacity 16096K, committed 16204K, reserved 1048576K
}
Event: 39.315 GC heap after
{Heap after GC invocations=76 (full 0):
 garbage-first heap   total 331776K, used 197791K [0x0000000080000000, 0x0000000100000000)
  region size 1024K, 7 young (7168K), 7 survivors (7168K)
 Metaspace       used 122507K, capacity 125819K, committed 126028K, reserved 1159168K
  class space    used 14963K, capacity 16096K, committed 16204K, reserved 1048576K
}
Event: 41.082 GC heap before
{Heap before GC invocations=76 (full 0):
 garbage-first heap   total 331776K, used 262303K [0x0000000080000000, 0x0000000100000000)
  region size 1024K, 71 young (72704K), 7 survivors (7168K)
 Metaspace       used 123855K, capacity 127138K, committed 127436K, reserved 1161216K
  class space    used 15089K, capacity 16239K, committed 16332K, reserved 1048576K
}
Event: 41.091 GC heap after
{Heap after GC invocations=77 (full 0):
 garbage-first heap   total 331776K, used 208030K [0x0000000080000000, 0x0000000100000000)
  region size 1024K, 9 young (9216K), 9 survivors (9216K)
 Metaspace       used 123855K, capacity 127138K, committed 127436K, reserved 1161216K
  class space    used 15089K, capacity 16239K, committed 16332K, reserved 1048576K
}
Event: 41.310 GC heap before
{Heap before GC invocations=77 (full 0):
 garbage-first heap   total 331776K, used 266398K [0x0000000080000000, 0x0000000100000000)
  region size 1024K, 67 young (68608K), 9 survivors (9216K)
 Metaspace       used 124550K, capacity 127914K, committed 128076K, reserved 1161216K
  class space    used 15169K, capacity 16326K, committed 16460K, reserved 1048576K
}

