# JRE version: OpenJDK Runtime Environment (11.0.13) (build 11.0.13+0-b1751.21-8125866)
# Java VM: OpenJDK 64-Bit Server VM (11.0.13+0-b1751.21-8125866, mixed mode, tiered, compressed oops, g1 gc, windows-amd64)
Heap:
 garbage-first heap   total 155648K, used 102923K [0x0000000080000000, 0x0000000100000000)
  region size 1024K, 46 young (47104K), 5 survivors (5120K)
 Metaspace       used 76179K, capacity 78121K, committed 78248K, reserved 1118208K
  class space    used 9818K, capacity 10493K, committed 10520K, reserved 1048576K
GC Heap History (20 events):
Event: 2.763 GC heap before
{Heap before GC invocations=4 (full 0):
 garbage-first heap   total 129024K, used 78518K [0x0000000080000000, 0x0000000100000000)
  region size 1024K, 62 young (63488K), 2 survivors (2048K)
 Metaspace       used 26927K, capacity 27475K, committed 27520K, reserved 1073152K
  class space    used 3494K, capacity 3706K, committed 3712K, reserved 1048576K
}
Event: 2.766 GC heap after
{Heap after GC invocations=5 (full 0):
 garbage-first heap   total 129024K, used 18915K [0x0000000080000000, 0x0000000100000000)
  region size 1024K, 4 young (4096K), 4 survivors (4096K)
 Metaspace       used 26927K, capacity 27475K, committed 27520K, reserved 1073152K
  class space    used 3494K, capacity 3706K, committed 3712K, reserved 1048576K
}
Event: 3.467 GC heap before
{Heap before GC invocations=5 (full 0):
 garbage-first heap   total 129024K, used 75235K [0x0000000080000000, 0x0000000100000000)
  region size 1024K, 60 young (61440K), 4 survivors (4096K)
 Metaspace       used 35182K, capacity 35970K, committed 36048K, reserved 1081344K
  class space    used 4523K, capacity 4838K, committed 4864K, reserved 1048576K
}
Event: 3.475 GC heap after
{Heap after GC invocations=6 (full 0):
 garbage-first heap   total 129024K, used 22416K [0x0000000080000000, 0x0000000100000000)
  region size 1024K, 7 young (7168K), 7 survivors (7168K)
 Metaspace       used 35182K, capacity 35970K, committed 36048K, reserved 1081344K
  class space    used 4523K, capacity 4838K, committed 4864K, reserved 1048576K
}
Event: 4.118 GC heap before
{Heap before GC invocations=7 (full 0):
 garbage-first heap   total 129024K, used 92048K [0x0000000080000000, 0x0000000100000000)
  region size 1024K, 73 young (74752K), 7 survivors (7168K)
 Metaspace       used 39868K, capacity 40828K, committed 40988K, reserved 1085440K
  class space    used 5049K, capacity 5407K, committed 5452K, reserved 1048576K
}
Event: 4.126 GC heap after
{Heap after GC invocations=8 (full 0):
 garbage-first heap   total 129024K, used 27821K [0x0000000080000000, 0x0000000100000000)
  region size 1024K, 9 young (9216K), 9 survivors (9216K)
 Metaspace       used 39868K, capacity 40828K, committed 40988K, reserved 1085440K
  class space    used 5049K, capacity 5407K, committed 5452K, reserved 1048576K
}
Event: 4.756 GC heap before
{Heap before GC invocations=8 (full 0):
 garbage-first heap   total 129024K, used 94381K [0x0000000080000000, 0x0000000100000000)
  region size 1024K, 73 young (74752K), 9 survivors (9216K)
 Metaspace       used 45712K, capacity 46955K, committed 47260K, reserved 1089536K
  class space    used 5806K, capacity 6249K, committed 6348K, reserved 1048576K
}
Event: 4.763 GC heap after
{Heap after GC invocations=9 (full 0):
 garbage-first heap   total 155648K, used 30170K [0x0000000080000000, 0x0000000100000000)
  region size 1024K, 4 young (4096K), 4 survivors (4096K)
 Metaspace       used 45712K, capacity 46955K, committed 47260K, reserved 1089536K
  class space    used 5806K, capacity 6249K, committed 6348K, reserved 1048576K
}
Event: 5.709 GC heap before
{Heap before GC invocations=9 (full 0):
 garbage-first heap   total 155648K, used 111066K [0x0000000080000000, 0x0000000100000000)
  region size 1024K, 80 young (81920K), 4 survivors (4096K)
 Metaspace       used 49100K, capacity 50626K, committed 50716K, reserved 1093632K
  class space    used 6220K, capacity 6721K, committed 6732K, reserved 1048576K
}
Event: 5.715 GC heap after
{Heap after GC invocations=10 (full 0):
 garbage-first heap   total 155648K, used 43495K [0x0000000080000000, 0x0000000100000000)
  region size 1024K, 10 young (10240K), 10 survivors (10240K)
 Metaspace       used 49100K, capacity 50626K, committed 50716K, reserved 1093632K
  class space    used 6220K, capacity 6721K, committed 6732K, reserved 1048576K
}
Event: 6.666 GC heap before
{Heap before GC invocations=10 (full 0):
 garbage-first heap   total 155648K, used 115175K [0x0000000080000000, 0x0000000100000000)
  region size 1024K, 80 young (81920K), 10 survivors (10240K)
 Metaspace       used 58831K, capacity 60504K, committed 60636K, reserved 1101824K
  class space    used 7376K, capacity 7971K, committed 8012K, reserved 1048576K
}
Event: 6.673 GC heap after
{Heap after GC invocations=11 (full 0):
 garbage-first heap   total 155648K, used 47113K [0x0000000080000000, 0x0000000100000000)
  region size 1024K, 4 young (4096K), 4 survivors (4096K)
 Metaspace       used 58831K, capacity 60504K, committed 60636K, reserved 1101824K
  class space    used 7376K, capacity 7971K, committed 8012K, reserved 1048576K
}
Event: 6.701 GC heap before
{Heap before GC invocations=11 (full 0):
 garbage-first heap   total 155648K, used 49161K [0x0000000080000000, 0x0000000100000000)
  region size 1024K, 7 young (7168K), 4 survivors (4096K)
 Metaspace       used 58983K, capacity 60596K, committed 60636K, reserved 1101824K
  class space    used 7402K, capacity 7981K, committed 8012K, reserved 1048576K
}
Event: 6.705 GC heap after
{Heap after GC invocations=12 (full 0):
 garbage-first heap   total 155648K, used 47197K [0x0000000080000000, 0x0000000100000000)
  region size 1024K, 4 young (4096K), 4 survivors (4096K)
 Metaspace       used 58983K, capacity 60596K, committed 60636K, reserved 1101824K
  class space    used 7402K, capacity 7981K, committed 8012K, reserved 1048576K
}
Event: 7.570 GC heap before
{Heap before GC invocations=13 (full 0):
 garbage-first heap   total 155648K, used 119901K [0x0000000080000000, 0x0000000100000000)
  region size 1024K, 75 young (76800K), 4 survivors (4096K)
 Metaspace       used 66145K, capacity 67917K, committed 68008K, reserved 1107968K
  class space    used 8275K, capacity 8917K, committed 8984K, reserved 1048576K
}
Event: 7.577 GC heap after
{Heap after GC invocations=14 (full 0):
 garbage-first heap   total 155648K, used 53457K [0x0000000080000000, 0x0000000100000000)
  region size 1024K, 10 young (10240K), 10 survivors (10240K)
 Metaspace       used 66145K, capacity 67917K, committed 68008K, reserved 1107968K
  class space    used 8275K, capacity 8917K, committed 8984K, reserved 1048576K
}
Event: 8.132 GC heap before
{Heap before GC invocations=14 (full 0):
 garbage-first heap   total 155648K, used 121041K [0x0000000080000000, 0x0000000100000000)
  region size 1024K, 76 young (77824K), 10 survivors (10240K)
 Metaspace       used 69126K, capacity 71023K, committed 71336K, reserved 1112064K
  class space    used 8720K, capacity 9392K, committed 9496K, reserved 1048576K
}
Event: 8.139 GC heap after
{Heap after GC invocations=15 (full 0):
 garbage-first heap   total 155648K, used 57446K [0x0000000080000000, 0x0000000100000000)
  region size 1024K, 6 young (6144K), 6 survivors (6144K)
 Metaspace       used 69126K, capacity 71023K, committed 71336K, reserved 1112064K
  class space    used 8720K, capacity 9392K, committed 9496K, reserved 1048576K
}
Event: 8.705 GC heap before
{Heap before GC invocations=15 (full 0):
 garbage-first heap   total 155648K, used 122982K [0x0000000080000000, 0x0000000100000000)
  region size 1024K, 70 young (71680K), 6 survivors (6144K)
 Metaspace       used 73100K, capacity 75011K, committed 75304K, reserved 1114112K
  class space    used 9399K, capacity 10049K, committed 10136K, reserved 1048576K
}
Event: 8.711 GC heap after
{Heap after GC invocations=16 (full 0):
 garbage-first heap   total 155648K, used 61963K [0x0000000080000000, 0x0000000100000000)
  region size 1024K, 5 young (5120K), 5 survivors (5120K)
 Metaspace       used 73100K, capacity 75011K, committed 75304K, reserved 1114112K
  class space    used 9399K, capacity 10049K, committed 10136K, reserved 1048576K
}

