# JRE version: OpenJDK Runtime Environment (11.0.13) (build 11.0.13+0-b1751.21-8125866)
# Java VM: OpenJDK 64-Bit Server VM (11.0.13+0-b1751.21-8125866, mixed mode, tiered, compressed oops, g1 gc, windows-amd64)
Heap:
 garbage-first heap   total 129024K, used 87283K [0x0000000080000000, 0x0000000100000000)
  region size 1024K, 68 young (69632K), 9 survivors (9216K)
 Metaspace       used 45458K, capacity 46722K, committed 46972K, reserved 1089536K
  class space    used 5774K, capacity 6214K, committed 6348K, reserved 1048576K
GC Heap History (12 events):
Event: 0.637 GC heap before
{Heap before GC invocations=0 (full 0):
 garbage-first heap   total 129024K, used 29696K [0x0000000080000000, 0x0000000100000000)
  region size 1024K, 24 young (24576K), 0 survivors (0K)
 Metaspace       used 10111K, capacity 10333K, committed 10624K, reserved 1058816K
  class space    used 1034K, capacity 1108K, committed 1152K, reserved 1048576K
}
Event: 0.642 GC heap after
{Heap after GC invocations=1 (full 0):
 garbage-first heap   total 129024K, used 9315K [0x0000000080000000, 0x0000000100000000)
  region size 1024K, 3 young (3072K), 3 survivors (3072K)
 Metaspace       used 10111K, capacity 10333K, committed 10624K, reserved 1058816K
  class space    used 1034K, capacity 1108K, committed 1152K, reserved 1048576K
}
Event: 1.798 GC heap before
{Heap before GC invocations=1 (full 0):
 garbage-first heap   total 129024K, used 83043K [0x0000000080000000, 0x0000000100000000)
  region size 1024K, 75 young (76800K), 3 survivors (3072K)
 Metaspace       used 17242K, capacity 17628K, committed 17792K, reserved 1064960K
  class space    used 1987K, capacity 2136K, committed 2176K, reserved 1048576K
}
Event: 1.803 GC heap after
{Heap after GC invocations=2 (full 0):
 garbage-first heap   total 129024K, used 15796K [0x0000000080000000, 0x0000000100000000)
  region size 1024K, 10 young (10240K), 10 survivors (10240K)
 Metaspace       used 17242K, capacity 17628K, committed 17792K, reserved 1064960K
  class space    used 1987K, capacity 2136K, committed 2176K, reserved 1048576K
}
Event: 2.081 GC heap before
{Heap before GC invocations=2 (full 0):
 garbage-first heap   total 129024K, used 48564K [0x0000000080000000, 0x0000000100000000)
  region size 1024K, 44 young (45056K), 10 survivors (10240K)
 Metaspace       used 20742K, capacity 21191K, committed 21296K, reserved 1069056K
  class space    used 2527K, capacity 2686K, committed 2688K, reserved 1048576K
}
Event: 2.088 GC heap after
{Heap after GC invocations=3 (full 0):
 garbage-first heap   total 129024K, used 17176K [0x0000000080000000, 0x0000000100000000)
  region size 1024K, 2 young (2048K), 2 survivors (2048K)
 Metaspace       used 20742K, capacity 21191K, committed 21296K, reserved 1069056K
  class space    used 2527K, capacity 2686K, committed 2688K, reserved 1048576K
}
Event: 2.675 GC heap before
{Heap before GC invocations=4 (full 0):
 garbage-first heap   total 129024K, used 81688K [0x0000000080000000, 0x0000000100000000)
  region size 1024K, 65 young (66560K), 2 survivors (2048K)
 Metaspace       used 27071K, capacity 27699K, committed 27772K, reserved 1073152K
  class space    used 3515K, capacity 3738K, committed 3788K, reserved 1048576K
}
Event: 2.678 GC heap after
{Heap after GC invocations=5 (full 0):
 garbage-first heap   total 129024K, used 18868K [0x0000000080000000, 0x0000000100000000)
  region size 1024K, 4 young (4096K), 4 survivors (4096K)
 Metaspace       used 27071K, capacity 27699K, committed 27772K, reserved 1073152K
  class space    used 3515K, capacity 3738K, committed 3788K, reserved 1048576K
}
Event: 3.343 GC heap before
{Heap before GC invocations=5 (full 0):
 garbage-first heap   total 129024K, used 72116K [0x0000000080000000, 0x0000000100000000)
  region size 1024K, 57 young (58368K), 4 survivors (4096K)
 Metaspace       used 35174K, capacity 35937K, committed 35964K, reserved 1081344K
  class space    used 4516K, capacity 4806K, committed 4812K, reserved 1048576K
}
Event: 3.351 GC heap after
{Heap after GC invocations=6 (full 0):
 garbage-first heap   total 129024K, used 22375K [0x0000000080000000, 0x0000000100000000)
  region size 1024K, 7 young (7168K), 7 survivors (7168K)
 Metaspace       used 35174K, capacity 35937K, committed 35964K, reserved 1081344K
  class space    used 4516K, capacity 4806K, committed 4812K, reserved 1048576K
}
Event: 4.012 GC heap before
{Heap before GC invocations=7 (full 0):
 garbage-first heap   total 129024K, used 93031K [0x0000000080000000, 0x0000000100000000)
  region size 1024K, 74 young (75776K), 7 survivors (7168K)
 Metaspace       used 40087K, capacity 41125K, committed 41212K, reserved 1085440K
  class space    used 5068K, capacity 5442K, committed 5452K, reserved 1048576K
}
Event: 4.020 GC heap after
{Heap after GC invocations=8 (full 0):
 garbage-first heap   total 129024K, used 27891K [0x0000000080000000, 0x0000000100000000)
  region size 1024K, 9 young (9216K), 9 survivors (9216K)
 Metaspace       used 40087K, capacity 41125K, committed 41212K, reserved 1085440K
  class space    used 5068K, capacity 5442K, committed 5452K, reserved 1048576K
}

