# JRE version: OpenJDK Runtime Environment (11.0.13) (build 11.0.13+0-b1751.21-8125866)
# Java VM: OpenJDK 64-Bit Server VM (11.0.13+0-b1751.21-8125866, mixed mode, tiered, compressed oops, g1 gc, windows-amd64)
Heap:
 garbage-first heap   total 225280K, used 134811K [0x0000000080000000, 0x0000000100000000)
  region size 1024K, 7 young (7168K), 7 survivors (7168K)
 Metaspace       used 79998K, capacity 82395K, committed 82560K, reserved 1120256K
  class space    used 10287K, capacity 11058K, committed 11136K, reserved 1048576K
GC Heap History (20 events):
Event: 4.819 GC heap after
{Heap after GC invocations=14 (full 0):
 garbage-first heap   total 155648K, used 73101K [0x0000000080000000, 0x0000000100000000)
  region size 1024K, 3 young (3072K), 3 survivors (3072K)
 Metaspace       used 51755K, capacity 53502K, committed 53632K, reserved 1095680K
  class space    used 6608K, capacity 7188K, committed 7296K, reserved 1048576K
}
Event: 4.922 GC heap before
{Heap before GC invocations=15 (full 0):
 garbage-first heap   total 155648K, used 81293K [0x0000000080000000, 0x0000000100000000)
  region size 1024K, 10 young (10240K), 3 survivors (3072K)
 Metaspace       used 51763K, capacity 53502K, committed 53632K, reserved 1095680K
  class space    used 6608K, capacity 7188K, committed 7296K, reserved 1048576K
}
Event: 4.927 GC heap after
{Heap after GC invocations=16 (full 0):
 garbage-first heap   total 155648K, used 79409K [0x0000000080000000, 0x0000000100000000)
  region size 1024K, 7 young (7168K), 7 survivors (7168K)
 Metaspace       used 51763K, capacity 53502K, committed 53632K, reserved 1095680K
  class space    used 6608K, capacity 7188K, committed 7296K, reserved 1048576K
}
Event: 5.301 GC heap before
{Heap before GC invocations=17 (full 0):
 garbage-first heap   total 155648K, used 114225K [0x0000000080000000, 0x0000000100000000)
  region size 1024K, 39 young (39936K), 7 survivors (7168K)
 Metaspace       used 55352K, capacity 57180K, committed 57472K, reserved 1099776K
  class space    used 7080K, capacity 7733K, committed 7808K, reserved 1048576K
}
Event: 5.305 GC heap after
{Heap after GC invocations=18 (full 0):
 garbage-first heap   total 187392K, used 83845K [0x0000000080000000, 0x0000000100000000)
  region size 1024K, 3 young (3072K), 3 survivors (3072K)
 Metaspace       used 55352K, capacity 57180K, committed 57472K, reserved 1099776K
  class space    used 7080K, capacity 7733K, committed 7808K, reserved 1048576K
}
Event: 5.732 GC heap before
{Heap before GC invocations=18 (full 0):
 garbage-first heap   total 187392K, used 127877K [0x0000000080000000, 0x0000000100000000)
  region size 1024K, 46 young (47104K), 3 survivors (3072K)
 Metaspace       used 61335K, capacity 63314K, committed 63616K, reserved 1103872K
  class space    used 7787K, capacity 8472K, committed 8576K, reserved 1048576K
}
Event: 5.735 GC heap after
{Heap after GC invocations=19 (full 0):
 garbage-first heap   total 187392K, used 85130K [0x0000000080000000, 0x0000000100000000)
  region size 1024K, 4 young (4096K), 4 survivors (4096K)
 Metaspace       used 61335K, capacity 63314K, committed 63616K, reserved 1103872K
  class space    used 7787K, capacity 8472K, committed 8576K, reserved 1048576K
}
Event: 6.137 GC heap before
{Heap before GC invocations=19 (full 0):
 garbage-first heap   total 187392K, used 131210K [0x0000000080000000, 0x0000000100000000)
  region size 1024K, 50 young (51200K), 4 survivors (4096K)
 Metaspace       used 66637K, capacity 68592K, committed 68736K, reserved 1110016K
  class space    used 8405K, capacity 9073K, committed 9088K, reserved 1048576K
}
Event: 6.141 GC heap after
{Heap after GC invocations=20 (full 0):
 garbage-first heap   total 187392K, used 89300K [0x0000000080000000, 0x0000000100000000)
  region size 1024K, 6 young (6144K), 6 survivors (6144K)
 Metaspace       used 66637K, capacity 68592K, committed 68736K, reserved 1110016K
  class space    used 8405K, capacity 9073K, committed 9088K, reserved 1048576K
}
Event: 6.254 GC heap before
{Heap before GC invocations=20 (full 0):
 garbage-first heap   total 187392K, used 105684K [0x0000000080000000, 0x0000000100000000)
  region size 1024K, 23 young (23552K), 6 survivors (6144K)
 Metaspace       used 67891K, capacity 69882K, committed 70016K, reserved 1110016K
  class space    used 8577K, capacity 9246K, committed 9344K, reserved 1048576K
}
Event: 6.259 GC heap after
{Heap after GC invocations=21 (full 0):
 garbage-first heap   total 187392K, used 90765K [0x0000000080000000, 0x0000000100000000)
  region size 1024K, 2 young (2048K), 2 survivors (2048K)
 Metaspace       used 67891K, capacity 69882K, committed 70016K, reserved 1110016K
  class space    used 8577K, capacity 9246K, committed 9344K, reserved 1048576K
}
Event: 6.485 GC heap before
{Heap before GC invocations=22 (full 0):
 garbage-first heap   total 187392K, used 136845K [0x0000000080000000, 0x0000000100000000)
  region size 1024K, 46 young (47104K), 2 survivors (2048K)
 Metaspace       used 68758K, capacity 70910K, committed 71168K, reserved 1112064K
  class space    used 8711K, capacity 9432K, committed 9472K, reserved 1048576K
}
Event: 6.489 GC heap after
{Heap after GC invocations=23 (full 0):
 garbage-first heap   total 187392K, used 93156K [0x0000000080000000, 0x0000000100000000)
  region size 1024K, 4 young (4096K), 4 survivors (4096K)
 Metaspace       used 68758K, capacity 70910K, committed 71168K, reserved 1112064K
  class space    used 8711K, capacity 9432K, committed 9472K, reserved 1048576K
}
Event: 6.906 GC heap before
{Heap before GC invocations=23 (full 0):
 garbage-first heap   total 187392K, used 139236K [0x0000000080000000, 0x0000000100000000)
  region size 1024K, 49 young (50176K), 4 survivors (4096K)
 Metaspace       used 73770K, capacity 75884K, committed 76160K, reserved 1116160K
  class space    used 9522K, capacity 10254K, committed 10368K, reserved 1048576K
}
Event: 6.911 GC heap after
{Heap after GC invocations=24 (full 0):
 garbage-first heap   total 187392K, used 96200K [0x0000000080000000, 0x0000000100000000)
  region size 1024K, 6 young (6144K), 6 survivors (6144K)
 Metaspace       used 73770K, capacity 75884K, committed 76160K, reserved 1116160K
  class space    used 9522K, capacity 10254K, committed 10368K, reserved 1048576K
}
Event: 7.151 GC heap before
{Heap before GC invocations=25 (full 0):
 garbage-first heap   total 187392K, used 142280K [0x0000000080000000, 0x0000000100000000)
  region size 1024K, 51 young (52224K), 6 survivors (6144K)
 Metaspace       used 75204K, capacity 77347K, committed 77568K, reserved 1116160K
  class space    used 9732K, capacity 10480K, committed 10496K, reserved 1048576K
}
Event: 7.157 GC heap after
{Heap after GC invocations=26 (full 0):
 garbage-first heap   total 187392K, used 99728K [0x0000000080000000, 0x0000000100000000)
  region size 1024K, 7 young (7168K), 7 survivors (7168K)
 Metaspace       used 75204K, capacity 77347K, committed 77568K, reserved 1116160K
  class space    used 9732K, capacity 10480K, committed 10496K, reserved 1048576K
}
Event: 7.361 GC heap before
{Heap before GC invocations=26 (full 0):
 garbage-first heap   total 187392K, used 123280K [0x0000000080000000, 0x0000000100000000)
  region size 1024K, 32 young (32768K), 7 survivors (7168K)
 Metaspace       used 77757K, capacity 79863K, committed 80128K, reserved 1118208K
  class space    used 9962K, capacity 10693K, committed 10752K, reserved 1048576K
}
Event: 7.366 GC heap after
{Heap after GC invocations=27 (full 0):
 garbage-first heap   total 187392K, used 103612K [0x0000000080000000, 0x0000000100000000)
  region size 1024K, 7 young (7168K), 7 survivors (7168K)
 Metaspace       used 77757K, capacity 79863K, committed 80128K, reserved 1118208K
  class space    used 9962K, capacity 10693K, committed 10752K, reserved 1048576K
}
Event: 7.742 GC heap before
{Heap before GC invocations=28 (full 0):
 garbage-first heap   total 187392K, used 171196K [0x0000000080000000, 0x0000000100000000)
  region size 1024K, 51 young (52224K), 7 survivors (7168K)
 Metaspace       used 79998K, capacity 82395K, committed 82560K, reserved 1120256K
  class space    used 10287K, capacity 11058K, committed 11136K, reserved 1048576K
}

