# JRE version: OpenJDK Runtime Environment (11.0.13) (build 11.0.13+0-b1751.21-8125866)
# Java VM: OpenJDK 64-Bit Server VM (11.0.13+0-b1751.21-8125866, mixed mode, tiered, compressed oops, g1 gc, windows-amd64)
Heap:
 garbage-first heap   total 474112K, used 148304K [0x0000000080000000, 0x0000000100000000)
  region size 1024K, 55 young (56320K), 11 survivors (11264K)
 Metaspace       used 68502K, capacity 70471K, committed 70528K, reserved 1110016K
  class space    used 8611K, capacity 9288K, committed 9344K, reserved 1048576K
GC Heap History (20 events):
Event: 18.768 GC heap before
{Heap before GC invocations=53 (full 0):
 garbage-first heap   total 474112K, used 355662K [0x0000000080000000, 0x0000000100000000)
  region size 1024K, 270 young (276480K), 18 survivors (18432K)
 Metaspace       used 58521K, capacity 60321K, committed 60416K, reserved 1101824K
  class space    used 7397K, capacity 8027K, committed 8064K, reserved 1048576K
}
Event: 18.774 GC heap after
{Heap after GC invocations=54 (full 0):
 garbage-first heap   total 474112K, used 98348K [0x0000000080000000, 0x0000000100000000)
  region size 1024K, 18 young (18432K), 18 survivors (18432K)
 Metaspace       used 58521K, capacity 60321K, committed 60416K, reserved 1101824K
  class space    used 7397K, capacity 8027K, committed 8064K, reserved 1048576K
}
Event: 19.029 GC heap before
{Heap before GC invocations=54 (full 0):
 garbage-first heap   total 474112K, used 363564K [0x0000000080000000, 0x0000000100000000)
  region size 1024K, 279 young (285696K), 18 survivors (18432K)
 Metaspace       used 58589K, capacity 60450K, committed 60672K, reserved 1101824K
  class space    used 7399K, capacity 8027K, committed 8064K, reserved 1048576K
}
Event: 19.037 GC heap after
{Heap after GC invocations=55 (full 0):
 garbage-first heap   total 474112K, used 100115K [0x0000000080000000, 0x0000000100000000)
  region size 1024K, 19 young (19456K), 19 survivors (19456K)
 Metaspace       used 58589K, capacity 60450K, committed 60672K, reserved 1101824K
  class space    used 7399K, capacity 8027K, committed 8064K, reserved 1048576K
}
Event: 19.177 GC heap before
{Heap before GC invocations=55 (full 0):
 garbage-first heap   total 474112K, used 363283K [0x0000000080000000, 0x0000000100000000)
  region size 1024K, 277 young (283648K), 19 survivors (19456K)
 Metaspace       used 58601K, capacity 60452K, committed 60672K, reserved 1101824K
  class space    used 7399K, capacity 8027K, committed 8064K, reserved 1048576K
}
Event: 19.184 GC heap after
{Heap after GC invocations=56 (full 0):
 garbage-first heap   total 474112K, used 101144K [0x0000000080000000, 0x0000000100000000)
  region size 1024K, 20 young (20480K), 20 survivors (20480K)
 Metaspace       used 58601K, capacity 60452K, committed 60672K, reserved 1101824K
  class space    used 7399K, capacity 8027K, committed 8064K, reserved 1048576K
}
Event: 19.310 GC heap before
{Heap before GC invocations=56 (full 0):
 garbage-first heap   total 474112K, used 365336K [0x0000000080000000, 0x0000000100000000)
  region size 1024K, 278 young (284672K), 20 survivors (20480K)
 Metaspace       used 58603K, capacity 60452K, committed 60672K, reserved 1101824K
  class space    used 7399K, capacity 8027K, committed 8064K, reserved 1048576K
}
Event: 19.317 GC heap after
{Heap after GC invocations=57 (full 0):
 garbage-first heap   total 474112K, used 102114K [0x0000000080000000, 0x0000000100000000)
  region size 1024K, 11 young (11264K), 11 survivors (11264K)
 Metaspace       used 58603K, capacity 60452K, committed 60672K, reserved 1101824K
  class space    used 7399K, capacity 8027K, committed 8064K, reserved 1048576K
}
Event: 19.471 GC heap before
{Heap before GC invocations=57 (full 0):
 garbage-first heap   total 474112K, used 374498K [0x0000000080000000, 0x0000000100000000)
  region size 1024K, 277 young (283648K), 11 survivors (11264K)
 Metaspace       used 58617K, capacity 60453K, committed 60672K, reserved 1101824K
  class space    used 7399K, capacity 8027K, committed 8064K, reserved 1048576K
}
Event: 19.475 GC heap after
{Heap after GC invocations=58 (full 0):
 garbage-first heap   total 474112K, used 103310K [0x0000000080000000, 0x0000000100000000)
  region size 1024K, 12 young (12288K), 12 survivors (12288K)
 Metaspace       used 58617K, capacity 60453K, committed 60672K, reserved 1101824K
  class space    used 7399K, capacity 8027K, committed 8064K, reserved 1048576K
}
Event: 19.661 GC heap before
{Heap before GC invocations=58 (full 0):
 garbage-first heap   total 474112K, used 373646K [0x0000000080000000, 0x0000000100000000)
  region size 1024K, 278 young (284672K), 12 survivors (12288K)
 Metaspace       used 58634K, capacity 60453K, committed 60672K, reserved 1101824K
  class space    used 7399K, capacity 8027K, committed 8064K, reserved 1048576K
}
Event: 19.665 GC heap after
{Heap after GC invocations=59 (full 0):
 garbage-first heap   total 474112K, used 100282K [0x0000000080000000, 0x0000000100000000)
  region size 1024K, 9 young (9216K), 9 survivors (9216K)
 Metaspace       used 58634K, capacity 60453K, committed 60672K, reserved 1101824K
  class space    used 7399K, capacity 8027K, committed 8064K, reserved 1048576K
}
Event: 19.848 GC heap before
{Heap before GC invocations=59 (full 0):
 garbage-first heap   total 474112K, used 378810K [0x0000000080000000, 0x0000000100000000)
  region size 1024K, 278 young (284672K), 9 survivors (9216K)
 Metaspace       used 58650K, capacity 60518K, committed 60672K, reserved 1101824K
  class space    used 7399K, capacity 8027K, committed 8064K, reserved 1048576K
}
Event: 19.850 GC heap after
{Heap after GC invocations=60 (full 0):
 garbage-first heap   total 474112K, used 96872K [0x0000000080000000, 0x0000000100000000)
  region size 1024K, 6 young (6144K), 6 survivors (6144K)
 Metaspace       used 58650K, capacity 60518K, committed 60672K, reserved 1101824K
  class space    used 7399K, capacity 8027K, committed 8064K, reserved 1048576K
}
Event: 20.040 GC heap before
{Heap before GC invocations=60 (full 0):
 garbage-first heap   total 474112K, used 375400K [0x0000000080000000, 0x0000000100000000)
  region size 1024K, 277 young (283648K), 6 survivors (6144K)
 Metaspace       used 58654K, capacity 60518K, committed 60672K, reserved 1101824K
  class space    used 7399K, capacity 8027K, committed 8064K, reserved 1048576K
}
Event: 20.044 GC heap after
{Heap after GC invocations=61 (full 0):
 garbage-first heap   total 474112K, used 95529K [0x0000000080000000, 0x0000000100000000)
  region size 1024K, 5 young (5120K), 5 survivors (5120K)
 Metaspace       used 58654K, capacity 60518K, committed 60672K, reserved 1101824K
  class space    used 7399K, capacity 8027K, committed 8064K, reserved 1048576K
}
Event: 20.612 GC heap before
{Heap before GC invocations=61 (full 0):
 garbage-first heap   total 474112K, used 374057K [0x0000000080000000, 0x0000000100000000)
  region size 1024K, 277 young (283648K), 5 survivors (5120K)
 Metaspace       used 58654K, capacity 60518K, committed 60672K, reserved 1101824K
  class space    used 7399K, capacity 8027K, committed 8064K, reserved 1048576K
}
Event: 20.616 GC heap after
{Heap after GC invocations=62 (full 0):
 garbage-first heap   total 474112K, used 97534K [0x0000000080000000, 0x0000000100000000)
  region size 1024K, 7 young (7168K), 7 survivors (7168K)
 Metaspace       used 58654K, capacity 60518K, committed 60672K, reserved 1101824K
  class space    used 7399K, capacity 8027K, committed 8064K, reserved 1048576K
}
Event: 22.340 GC heap before
{Heap before GC invocations=62 (full 0):
 garbage-first heap   total 474112K, used 377086K [0x0000000080000000, 0x0000000100000000)
  region size 1024K, 277 young (283648K), 7 survivors (7168K)
 Metaspace       used 62498K, capacity 64500K, committed 64768K, reserved 1105920K
  class space    used 7900K, capacity 8582K, committed 8704K, reserved 1048576K
}
Event: 22.347 GC heap after
{Heap after GC invocations=63 (full 0):
 garbage-first heap   total 474112K, used 104272K [0x0000000080000000, 0x0000000100000000)
  region size 1024K, 11 young (11264K), 11 survivors (11264K)
 Metaspace       used 62498K, capacity 64500K, committed 64768K, reserved 1105920K
  class space    used 7900K, capacity 8582K, committed 8704K, reserved 1048576K
}

